21:44:07 [INFO] solver.__main__: Config hash: 2d3e377d0796
21:44:07 [INFO] solver.__main__: Data path: AIMMS_MOPTA_2026/AIMMS-MOPTA Interfor data.xlsx
21:44:07 [INFO] solver.__main__: Run archive: /Users/saberdinpazhouh/Downloads/pycharm_projects/George_mopta_heuristic/output/runs/20260423T024407Z_2d3e377d
21:44:07 [INFO] solver.data: Loading workbook: AIMMS_MOPTA_2026/AIMMS-MOPTA Interfor data.xlsx
21:44:08 [INFO] solver.data: Loaded 218 locations
21:44:08 [INFO] solver.data: Loaded 20 trucks
21:44:08 [INFO] solver.data: Loaded 1000 orders across due dates: ['2026-01-17', '2026-01-24']
21:44:09 [INFO] solver.data: Loaded 47524 lane pairs
21:44:09 [INFO] solver.data: All order O/D pairs have lane entries.
21:44:09 [INFO] solver.data: Loaded 61 difficult lane records
21:44:09 [INFO] solver.__main__: Data loaded in 2.07s
============================================================
DATA VALIDATION REPORT
============================================================
Locations  : 218
Trucks     : 20
Orders     : 1000
  Week 2026-01-17 : 450 orders
  Week 2026-01-24 : 550 orders
Lane pairs : 47524
Diff. lanes: 61
Lane cost  : min=$97.90  max=$5391.25  mean=$1622.04
Lane miles : min=0.0  max=1914.4  mean=525.5
All truck homes are in Locations table. OK
Cost matrix NaNs: 0 / 47524
============================================================
21:44:09 [INFO] solver.ga: ============================================================
21:44:09 [INFO] solver.ga: Solving week: 2026-01-17  (450 orders)
21:44:09 [INFO] solver.ga: ============================================================
21:44:09 [INFO] solver.ga: Baselines | T (all-tender)=603464.74 | G (greedy-difficult)=670309.77
21:44:14 [INFO] solver.ga: GA start | orders=450 trucks=20 pop=1000 gens=5000 education=on | eval_workers=10 edu_workers=10 | init best=603464.74
21:44:34 [INFO] solver.ga: Gen  10 | best=599930.09 | stagnation=0 | elapsed=19.2s
21:44:40 [INFO] solver.ga: Gen  20 | best=599930.09 | stagnation=10 | elapsed=25.7s
21:44:47 [INFO] solver.ga: Gen  30 | best=599930.09 | stagnation=20 | elapsed=32.6s
21:44:54 [INFO] solver.ga: Gen  40 | best=598951.69 | stagnation=0 | elapsed=39.2s
21:45:00 [INFO] solver.ga: Gen  50 | best=598637.82 | stagnation=0 | elapsed=45.5s
21:45:06 [INFO] solver.ga: Gen  60 | best=598273.37 | stagnation=0 | elapsed=51.9s
21:45:13 [INFO] solver.ga: Gen  70 | best=595600.24 | stagnation=0 | elapsed=58.3s
21:45:19 [INFO] solver.ga: Gen  80 | best=595600.24 | stagnation=10 | elapsed=64.8s
21:45:26 [INFO] solver.ga: Gen  90 | best=595600.24 | stagnation=20 | elapsed=71.4s
21:45:32 [INFO] solver.ga: Gen 100 | best=595597.44 | stagnation=0 | elapsed=78.0s
21:45:39 [INFO] solver.ga: Gen 110 | best=595312.37 | stagnation=0 | elapsed=84.4s
21:45:45 [INFO] solver.ga: Gen 120 | best=595272.47 | stagnation=0 | elapsed=90.9s
21:45:52 [INFO] solver.ga: Gen 130 | best=595163.97 | stagnation=0 | elapsed=97.5s
21:45:59 [INFO] solver.ga: Gen 140 | best=595163.64 | stagnation=0 | elapsed=104.1s
21:46:05 [INFO] solver.ga: Gen 150 | best=594838.67 | stagnation=0 | elapsed=110.8s
21:46:12 [INFO] solver.ga: Gen 160 | best=593676.29 | stagnation=0 | elapsed=117.4s
21:46:18 [INFO] solver.ga: Gen 170 | best=593676.29 | stagnation=10 | elapsed=124.0s
21:46:25 [INFO] solver.ga: Gen 180 | best=593676.29 | stagnation=20 | elapsed=130.6s
21:46:32 [INFO] solver.ga: Gen 190 | best=593676.29 | stagnation=30 | elapsed=137.3s
21:46:38 [INFO] solver.ga: Gen 200 | best=593676.29 | stagnation=40 | elapsed=143.8s
21:46:45 [INFO] solver.ga: Gen 210 | best=593324.74 | stagnation=0 | elapsed=150.4s
21:46:52 [INFO] solver.ga: Gen 220 | best=593114.39 | stagnation=0 | elapsed=157.2s
21:46:58 [INFO] solver.ga: Gen 230 | best=593114.39 | stagnation=10 | elapsed=164.1s
21:47:05 [INFO] solver.ga: Gen 240 | best=593114.39 | stagnation=20 | elapsed=170.8s
21:47:12 [INFO] solver.ga: Gen 250 | best=593114.39 | stagnation=30 | elapsed=177.8s
21:47:19 [INFO] solver.ga: Gen 260 | best=593114.39 | stagnation=40 | elapsed=184.4s
21:47:25 [INFO] solver.ga: Gen 270 | best=593114.39 | stagnation=50 | elapsed=191.1s
21:47:32 [INFO] solver.ga: Gen 280 | best=593079.74 | stagnation=0 | elapsed=197.8s
21:47:39 [INFO] solver.ga: Gen 290 | best=591849.14 | stagnation=0 | elapsed=204.5s
21:47:46 [INFO] solver.ga: Gen 300 | best=591849.14 | stagnation=10 | elapsed=211.2s
21:47:52 [INFO] solver.ga: Gen 310 | best=591849.14 | stagnation=20 | elapsed=217.9s
21:47:59 [INFO] solver.ga: Gen 320 | best=591849.14 | stagnation=30 | elapsed=224.7s
21:48:06 [INFO] solver.ga: Gen 330 | best=591849.14 | stagnation=40 | elapsed=231.4s
21:48:13 [INFO] solver.ga: Gen 340 | best=591849.14 | stagnation=50 | elapsed=238.1s
21:48:19 [INFO] solver.ga: Gen 350 | best=591849.14 | stagnation=60 | elapsed=244.9s
21:48:26 [INFO] solver.ga: Gen 360 | best=591849.14 | stagnation=70 | elapsed=251.6s
21:48:33 [INFO] solver.ga: Gen 370 | best=591849.14 | stagnation=80 | elapsed=258.4s
21:48:40 [INFO] solver.ga: Gen 380 | best=591119.47 | stagnation=0 | elapsed=265.2s
21:48:46 [INFO] solver.ga: Gen 390 | best=591119.47 | stagnation=10 | elapsed=272.0s
21:48:53 [INFO] solver.ga: Gen 400 | best=591119.47 | stagnation=20 | elapsed=278.7s
21:49:00 [INFO] solver.ga: Gen 410 | best=591119.47 | stagnation=30 | elapsed=285.6s
21:49:07 [INFO] solver.ga: Gen 420 | best=591119.47 | stagnation=40 | elapsed=292.5s
21:49:14 [INFO] solver.ga: Gen 430 | best=591119.47 | stagnation=50 | elapsed=299.4s
21:49:21 [INFO] solver.ga: Gen 440 | best=591119.47 | stagnation=60 | elapsed=306.3s
21:49:28 [INFO] solver.ga: Gen 450 | best=590185.22 | stagnation=0 | elapsed=313.1s
21:49:34 [INFO] solver.ga: Gen 460 | best=590185.22 | stagnation=10 | elapsed=320.0s
21:49:41 [INFO] solver.ga: Gen 470 | best=590185.22 | stagnation=20 | elapsed=326.8s
21:49:48 [INFO] solver.ga: Gen 480 | best=590185.22 | stagnation=30 | elapsed=333.6s
21:49:55 [INFO] solver.ga: Gen 490 | best=590185.22 | stagnation=40 | elapsed=340.5s
21:50:02 [INFO] solver.ga: Gen 500 | best=590185.22 | stagnation=50 | elapsed=347.4s
21:50:09 [INFO] solver.ga: Gen 510 | best=590030.87 | stagnation=0 | elapsed=354.3s
21:50:16 [INFO] solver.ga: Gen 520 | best=590030.87 | stagnation=10 | elapsed=361.2s
21:50:23 [INFO] solver.ga: Gen 530 | best=590030.87 | stagnation=20 | elapsed=368.2s
21:50:30 [INFO] solver.ga: Gen 540 | best=589888.87 | stagnation=0 | elapsed=375.1s
21:50:36 [INFO] solver.ga: Gen 550 | best=589888.87 | stagnation=10 | elapsed=382.0s
21:50:43 [INFO] solver.ga: Gen 560 | best=589888.87 | stagnation=20 | elapsed=389.0s
21:50:50 [INFO] solver.ga: Gen 570 | best=589888.87 | stagnation=30 | elapsed=396.0s
21:50:57 [INFO] solver.ga: Gen 580 | best=589888.87 | stagnation=40 | elapsed=402.9s
21:51:04 [INFO] solver.ga: Gen 590 | best=589888.87 | stagnation=50 | elapsed=409.9s
21:51:11 [INFO] solver.ga: Gen 600 | best=589888.87 | stagnation=60 | elapsed=416.8s
21:51:18 [INFO] solver.ga: Gen 610 | best=589653.67 | stagnation=0 | elapsed=424.1s
21:51:26 [INFO] solver.ga: Gen 620 | best=589653.67 | stagnation=10 | elapsed=431.2s
21:51:33 [INFO] solver.ga: Gen 630 | best=589653.67 | stagnation=20 | elapsed=438.3s
21:51:40 [INFO] solver.ga: Gen 640 | best=589653.67 | stagnation=30 | elapsed=445.3s
21:51:47 [INFO] solver.ga: Gen 650 | best=589653.67 | stagnation=40 | elapsed=452.5s
21:51:54 [INFO] solver.ga: Gen 660 | best=589653.67 | stagnation=50 | elapsed=459.5s
21:52:01 [INFO] solver.ga: Gen 670 | best=589653.67 | stagnation=60 | elapsed=466.6s
21:52:08 [INFO] solver.ga: Gen 680 | best=589653.67 | stagnation=70 | elapsed=473.8s
21:52:15 [INFO] solver.ga: Gen 690 | best=589653.67 | stagnation=80 | elapsed=481.0s
21:52:23 [INFO] solver.ga: Gen 700 | best=589621.47 | stagnation=0 | elapsed=488.2s
21:52:30 [INFO] solver.ga: Gen 710 | best=589621.47 | stagnation=10 | elapsed=495.3s
21:52:37 [INFO] solver.ga: Gen 720 | best=589621.47 | stagnation=20 | elapsed=502.5s
21:52:44 [INFO] solver.ga: Gen 730 | best=589621.47 | stagnation=30 | elapsed=509.6s
21:52:51 [INFO] solver.ga: Gen 740 | best=589621.47 | stagnation=40 | elapsed=516.8s
21:52:58 [INFO] solver.ga: Gen 750 | best=589579.27 | stagnation=0 | elapsed=524.1s
21:53:06 [INFO] solver.ga: Gen 760 | best=589334.87 | stagnation=0 | elapsed=531.2s
21:53:13 [INFO] solver.ga: Gen 770 | best=588369.07 | stagnation=0 | elapsed=538.4s
21:53:20 [INFO] solver.ga: Gen 780 | best=588369.07 | stagnation=10 | elapsed=545.7s
21:53:27 [INFO] solver.ga: Gen 790 | best=588369.07 | stagnation=20 | elapsed=552.9s
21:53:35 [INFO] solver.ga: Gen 800 | best=588369.07 | stagnation=30 | elapsed=560.1s
21:53:42 [INFO] solver.ga: Gen 810 | best=588369.07 | stagnation=40 | elapsed=567.3s
21:53:49 [INFO] solver.ga: Gen 820 | best=587717.34 | stagnation=0 | elapsed=574.6s
21:53:56 [INFO] solver.ga: Gen 830 | best=587717.34 | stagnation=10 | elapsed=581.8s
21:54:03 [INFO] solver.ga: Gen 840 | best=587717.34 | stagnation=20 | elapsed=589.0s
21:54:11 [INFO] solver.ga: Gen 850 | best=587717.34 | stagnation=30 | elapsed=596.2s
21:54:18 [INFO] solver.ga: Gen 860 | best=587717.34 | stagnation=40 | elapsed=603.5s
21:54:25 [INFO] solver.ga: Gen 870 | best=587717.34 | stagnation=50 | elapsed=610.7s
21:54:32 [INFO] solver.ga: Gen 880 | best=587717.34 | stagnation=60 | elapsed=617.8s
21:54:40 [INFO] solver.ga: Gen 890 | best=587717.34 | stagnation=70 | elapsed=625.2s
21:54:47 [INFO] solver.ga: Gen 900 | best=587717.34 | stagnation=80 | elapsed=632.4s
21:54:54 [INFO] solver.ga: Gen 910 | best=587717.34 | stagnation=90 | elapsed=639.7s
21:55:01 [INFO] solver.ga: Gen 920 | best=587717.34 | stagnation=100 | elapsed=647.0s
21:55:09 [INFO] solver.ga: Gen 930 | best=587717.34 | stagnation=110 | elapsed=654.2s
21:55:16 [INFO] solver.ga: Gen 940 | best=587717.34 | stagnation=120 | elapsed=661.4s
21:55:23 [INFO] solver.ga: Gen 950 | best=587717.34 | stagnation=130 | elapsed=668.8s
21:55:30 [INFO] solver.ga: Gen 960 | best=587717.34 | stagnation=140 | elapsed=676.1s
21:55:38 [INFO] solver.ga: Gen 970 | best=587717.34 | stagnation=150 | elapsed=683.4s
21:55:45 [INFO] solver.ga: Gen 980 | best=587717.34 | stagnation=160 | elapsed=690.8s
21:55:53 [INFO] solver.ga: Gen 990 | best=587717.34 | stagnation=170 | elapsed=698.1s
21:56:00 [INFO] solver.ga: Gen 1000 | best=587717.34 | stagnation=180 | elapsed=705.5s
21:56:07 [INFO] solver.ga: Gen 1010 | best=587717.34 | stagnation=190 | elapsed=712.8s
21:56:15 [INFO] solver.ga: Gen 1020 | best=587717.34 | stagnation=200 | elapsed=720.1s
21:56:22 [INFO] solver.ga: Gen 1030 | best=587717.34 | stagnation=210 | elapsed=727.4s
21:56:29 [INFO] solver.ga: Gen 1040 | best=587717.34 | stagnation=220 | elapsed=734.8s
21:56:37 [INFO] solver.ga: Gen 1050 | best=587717.34 | stagnation=230 | elapsed=742.1s
21:56:44 [INFO] solver.ga: Gen 1060 | best=587717.34 | stagnation=240 | elapsed=749.4s
21:56:51 [INFO] solver.ga: Gen 1070 | best=587717.34 | stagnation=250 | elapsed=756.8s
21:56:59 [INFO] solver.ga: Gen 1080 | best=587717.34 | stagnation=260 | elapsed=764.2s
21:57:06 [INFO] solver.ga: Gen 1090 | best=587717.34 | stagnation=270 | elapsed=771.5s
21:57:13 [INFO] solver.ga: Gen 1100 | best=587717.34 | stagnation=280 | elapsed=779.0s
21:57:21 [INFO] solver.ga: Gen 1110 | best=587717.34 | stagnation=290 | elapsed=786.3s
21:57:28 [INFO] solver.ga: Gen 1120 | best=587717.34 | stagnation=300 | elapsed=793.7s
21:57:35 [INFO] solver.ga: Gen 1130 | best=587717.34 | stagnation=310 | elapsed=801.0s
21:57:43 [INFO] solver.ga: Gen 1140 | best=587717.34 | stagnation=320 | elapsed=808.4s
21:57:50 [INFO] solver.ga: Gen 1150 | best=587717.34 | stagnation=330 | elapsed=815.8s
21:57:58 [INFO] solver.ga: Gen 1160 | best=587717.34 | stagnation=340 | elapsed=823.2s
21:58:05 [INFO] solver.ga: Gen 1170 | best=587717.34 | stagnation=350 | elapsed=830.6s
21:58:12 [INFO] solver.ga: Gen 1180 | best=587663.34 | stagnation=0 | elapsed=837.9s
21:58:20 [INFO] solver.ga: Gen 1190 | best=587663.34 | stagnation=10 | elapsed=845.2s
21:58:27 [INFO] solver.ga: Gen 1200 | best=587663.34 | stagnation=20 | elapsed=852.5s
21:58:34 [INFO] solver.ga: Gen 1210 | best=587663.34 | stagnation=30 | elapsed=859.9s
21:58:42 [INFO] solver.ga: Gen 1220 | best=587663.34 | stagnation=40 | elapsed=867.2s
21:58:49 [INFO] solver.ga: Gen 1230 | best=587663.34 | stagnation=50 | elapsed=874.6s
21:58:56 [INFO] solver.ga: Gen 1240 | best=587663.34 | stagnation=60 | elapsed=882.0s
21:59:04 [INFO] solver.ga: Gen 1250 | best=587663.34 | stagnation=70 | elapsed=889.3s
21:59:11 [INFO] solver.ga: Gen 1260 | best=587663.34 | stagnation=80 | elapsed=896.6s
21:59:18 [INFO] solver.ga: Gen 1270 | best=587663.34 | stagnation=90 | elapsed=904.0s
21:59:26 [INFO] solver.ga: Gen 1280 | best=587663.34 | stagnation=100 | elapsed=911.3s
21:59:33 [INFO] solver.ga: Gen 1290 | best=587663.34 | stagnation=110 | elapsed=918.6s
21:59:40 [INFO] solver.ga: Gen 1300 | best=587663.34 | stagnation=120 | elapsed=926.0s
21:59:48 [INFO] solver.ga: Gen 1310 | best=587663.34 | stagnation=130 | elapsed=933.3s
21:59:55 [INFO] solver.ga: Gen 1320 | best=587663.34 | stagnation=140 | elapsed=940.5s
22:00:03 [INFO] solver.ga: Gen 1330 | best=587663.34 | stagnation=150 | elapsed=948.3s
22:00:10 [INFO] solver.ga: Gen 1340 | best=587663.34 | stagnation=160 | elapsed=955.6s
22:00:17 [INFO] solver.ga: Gen 1350 | best=587663.34 | stagnation=170 | elapsed=962.9s
22:00:25 [INFO] solver.ga: Gen 1360 | best=587663.34 | stagnation=180 | elapsed=970.2s
22:00:32 [INFO] solver.ga: Gen 1370 | best=587663.34 | stagnation=190 | elapsed=977.6s
22:00:39 [INFO] solver.ga: Gen 1380 | best=587663.34 | stagnation=200 | elapsed=985.0s
22:00:47 [INFO] solver.ga: Gen 1390 | best=587663.34 | stagnation=210 | elapsed=992.2s
22:00:54 [INFO] solver.ga: Gen 1400 | best=587663.34 | stagnation=220 | elapsed=999.6s
22:01:01 [INFO] solver.ga: Gen 1410 | best=587663.34 | stagnation=230 | elapsed=1006.9s
22:01:09 [INFO] solver.ga: Gen 1420 | best=587663.34 | stagnation=240 | elapsed=1014.3s
22:01:16 [INFO] solver.ga: Gen 1430 | best=587663.34 | stagnation=250 | elapsed=1021.6s
22:01:23 [INFO] solver.ga: Gen 1440 | best=587663.34 | stagnation=260 | elapsed=1028.9s
22:01:31 [INFO] solver.ga: Gen 1450 | best=587663.34 | stagnation=270 | elapsed=1036.1s
22:01:38 [INFO] solver.ga: Gen 1460 | best=587663.34 | stagnation=280 | elapsed=1043.5s
22:01:45 [INFO] solver.ga: Gen 1470 | best=587663.34 | stagnation=290 | elapsed=1050.8s
22:01:53 [INFO] solver.ga: Gen 1480 | best=587663.34 | stagnation=300 | elapsed=1058.2s
22:02:00 [INFO] solver.ga: Gen 1490 | best=587663.34 | stagnation=310 | elapsed=1065.5s
22:02:07 [INFO] solver.ga: Gen 1500 | best=587663.34 | stagnation=320 | elapsed=1072.8s
22:02:15 [INFO] solver.ga: Gen 1510 | best=587663.34 | stagnation=330 | elapsed=1080.2s
22:02:22 [INFO] solver.ga: Gen 1520 | best=587663.34 | stagnation=340 | elapsed=1087.5s
22:02:29 [INFO] solver.ga: Gen 1530 | best=587663.34 | stagnation=350 | elapsed=1094.7s
22:02:36 [INFO] solver.ga: Gen 1540 | best=587663.34 | stagnation=360 | elapsed=1102.0s
22:02:44 [INFO] solver.ga: Gen 1550 | best=587663.34 | stagnation=370 | elapsed=1109.4s
22:02:51 [INFO] solver.ga: Gen 1560 | best=587663.34 | stagnation=380 | elapsed=1116.7s
22:02:58 [INFO] solver.ga: Gen 1570 | best=587663.34 | stagnation=390 | elapsed=1123.9s
22:03:06 [INFO] solver.ga: Gen 1580 | best=587663.34 | stagnation=400 | elapsed=1131.3s
22:03:13 [INFO] solver.ga: Gen 1590 | best=587663.34 | stagnation=410 | elapsed=1138.6s
22:03:20 [INFO] solver.ga: Gen 1600 | best=587663.34 | stagnation=420 | elapsed=1145.9s
22:03:28 [INFO] solver.ga: Gen 1610 | best=587663.34 | stagnation=430 | elapsed=1153.2s
22:03:35 [INFO] solver.ga: Gen 1620 | best=587663.34 | stagnation=440 | elapsed=1160.6s
22:03:42 [INFO] solver.ga: Gen 1630 | best=587663.34 | stagnation=450 | elapsed=1168.0s
22:03:50 [INFO] solver.ga: Gen 1640 | best=587663.34 | stagnation=460 | elapsed=1175.3s
22:03:57 [INFO] solver.ga: Gen 1650 | best=587395.94 | stagnation=0 | elapsed=1182.6s
22:04:04 [INFO] solver.ga: Gen 1660 | best=587395.94 | stagnation=10 | elapsed=1190.0s
22:04:12 [INFO] solver.ga: Gen 1670 | best=587395.94 | stagnation=20 | elapsed=1197.3s
22:04:19 [INFO] solver.ga: Gen 1680 | best=587395.94 | stagnation=30 | elapsed=1204.7s
22:04:26 [INFO] solver.ga: Gen 1690 | best=587395.94 | stagnation=40 | elapsed=1212.1s
22:04:34 [INFO] solver.ga: Gen 1700 | best=587395.94 | stagnation=50 | elapsed=1219.5s
22:04:41 [INFO] solver.ga: Gen 1710 | best=587395.94 | stagnation=60 | elapsed=1226.9s
22:04:49 [INFO] solver.ga: Gen 1720 | best=587395.94 | stagnation=70 | elapsed=1234.2s
22:04:56 [INFO] solver.ga: Gen 1730 | best=587395.94 | stagnation=80 | elapsed=1241.6s
22:05:03 [INFO] solver.ga: Gen 1740 | best=587395.94 | stagnation=90 | elapsed=1249.0s
22:05:11 [INFO] solver.ga: Gen 1750 | best=587395.94 | stagnation=100 | elapsed=1256.3s
22:05:18 [INFO] solver.ga: Gen 1760 | best=587395.94 | stagnation=110 | elapsed=1263.7s
22:05:26 [INFO] solver.ga: Gen 1770 | best=587395.94 | stagnation=120 | elapsed=1271.2s
22:05:33 [INFO] solver.ga: Gen 1780 | best=587395.94 | stagnation=130 | elapsed=1278.5s
22:05:40 [INFO] solver.ga: Gen 1790 | best=587395.94 | stagnation=140 | elapsed=1286.0s
22:05:48 [INFO] solver.ga: Gen 1800 | best=587395.94 | stagnation=150 | elapsed=1293.4s
22:05:55 [INFO] solver.ga: Gen 1810 | best=587395.94 | stagnation=160 | elapsed=1300.9s
22:06:03 [INFO] solver.ga: Gen 1820 | best=587395.94 | stagnation=170 | elapsed=1308.3s
22:06:10 [INFO] solver.ga: Gen 1830 | best=587395.94 | stagnation=180 | elapsed=1315.9s
22:06:18 [INFO] solver.ga: Gen 1840 | best=587395.94 | stagnation=190 | elapsed=1323.4s
22:06:25 [INFO] solver.ga: Gen 1850 | best=587395.94 | stagnation=200 | elapsed=1330.9s
22:06:33 [INFO] solver.ga: Gen 1860 | best=587371.54 | stagnation=0 | elapsed=1338.4s
22:06:40 [INFO] solver.ga: Gen 1870 | best=587371.54 | stagnation=10 | elapsed=1346.0s
22:06:48 [INFO] solver.ga: Gen 1880 | best=587371.54 | stagnation=20 | elapsed=1353.6s
22:06:56 [INFO] solver.ga: Gen 1890 | best=587371.54 | stagnation=30 | elapsed=1361.4s
22:07:03 [INFO] solver.ga: Gen 1900 | best=587371.54 | stagnation=40 | elapsed=1369.0s
22:07:11 [INFO] solver.ga: Gen 1910 | best=586237.74 | stagnation=0 | elapsed=1376.5s
22:07:18 [INFO] solver.ga: Gen 1920 | best=586237.74 | stagnation=10 | elapsed=1384.1s
22:07:26 [INFO] solver.ga: Gen 1930 | best=586237.74 | stagnation=20 | elapsed=1391.6s
22:07:34 [INFO] solver.ga: Gen 1940 | best=586237.74 | stagnation=30 | elapsed=1399.2s
22:07:42 [INFO] solver.ga: Gen 1950 | best=586237.74 | stagnation=40 | elapsed=1407.1s
22:07:49 [INFO] solver.ga: Gen 1960 | best=586237.74 | stagnation=50 | elapsed=1414.6s
22:07:57 [INFO] solver.ga: Gen 1970 | best=586237.74 | stagnation=60 | elapsed=1422.3s
22:08:04 [INFO] solver.ga: Gen 1980 | best=586237.74 | stagnation=70 | elapsed=1429.8s
22:08:12 [INFO] solver.ga: Gen 1990 | best=586237.74 | stagnation=80 | elapsed=1437.3s
22:08:19 [INFO] solver.ga: Gen 2000 | best=586237.74 | stagnation=90 | elapsed=1444.7s
22:23:05 [INFO] solver.ga: Gen 2010 | best=586237.74 | stagnation=100 | elapsed=2330.3s
22:23:12 [INFO] solver.ga: Gen 2020 | best=586237.74 | stagnation=110 | elapsed=2337.9s
22:23:20 [INFO] solver.ga: Gen 2030 | best=586237.74 | stagnation=120 | elapsed=2345.6s
22:23:28 [INFO] solver.ga: Gen 2040 | best=586237.74 | stagnation=130 | elapsed=2353.2s
22:23:35 [INFO] solver.ga: Gen 2050 | best=586237.74 | stagnation=140 | elapsed=2360.8s
22:23:43 [INFO] solver.ga: Gen 2060 | best=586091.94 | stagnation=0 | elapsed=2368.3s
22:23:50 [INFO] solver.ga: Gen 2070 | best=586091.94 | stagnation=10 | elapsed=2376.0s
22:23:58 [INFO] solver.ga: Gen 2080 | best=586091.94 | stagnation=20 | elapsed=2383.6s
22:24:06 [INFO] solver.ga: Gen 2090 | best=586091.94 | stagnation=30 | elapsed=2391.1s
22:24:13 [INFO] solver.ga: Gen 2100 | best=586091.94 | stagnation=40 | elapsed=2398.7s
22:24:21 [INFO] solver.ga: Gen 2110 | best=586091.94 | stagnation=50 | elapsed=2406.3s
22:24:28 [INFO] solver.ga: Gen 2120 | best=586091.94 | stagnation=60 | elapsed=2413.9s
22:24:36 [INFO] solver.ga: Gen 2130 | best=586091.94 | stagnation=70 | elapsed=2421.5s
22:24:43 [INFO] solver.ga: Gen 2140 | best=586041.94 | stagnation=0 | elapsed=2429.1s
22:24:51 [INFO] solver.ga: Gen 2150 | best=586041.94 | stagnation=10 | elapsed=2436.7s
22:24:59 [INFO] solver.ga: Gen 2160 | best=586041.94 | stagnation=20 | elapsed=2444.4s
22:25:06 [INFO] solver.ga: Gen 2170 | best=586041.94 | stagnation=30 | elapsed=2452.1s
22:25:14 [INFO] solver.ga: Gen 2180 | best=586041.94 | stagnation=40 | elapsed=2459.8s
22:25:22 [INFO] solver.ga: Gen 2190 | best=586041.94 | stagnation=50 | elapsed=2467.4s
22:25:29 [INFO] solver.ga: Gen 2200 | best=586041.94 | stagnation=60 | elapsed=2475.0s
22:25:37 [INFO] solver.ga: Gen 2210 | best=586041.94 | stagnation=70 | elapsed=2482.6s
22:25:45 [INFO] solver.ga: Gen 2220 | best=586041.94 | stagnation=80 | elapsed=2490.2s
22:25:52 [INFO] solver.ga: Gen 2230 | best=585918.94 | stagnation=0 | elapsed=2497.9s
22:26:00 [INFO] solver.ga: Gen 2240 | best=585918.94 | stagnation=10 | elapsed=2505.5s
22:26:08 [INFO] solver.ga: Gen 2250 | best=585918.94 | stagnation=20 | elapsed=2513.2s
22:26:15 [INFO] solver.ga: Gen 2260 | best=585918.94 | stagnation=30 | elapsed=2520.8s
22:26:23 [INFO] solver.ga: Gen 2270 | best=585723.14 | stagnation=0 | elapsed=2528.4s
22:26:30 [INFO] solver.ga: Gen 2280 | best=585723.14 | stagnation=10 | elapsed=2536.0s
22:26:38 [INFO] solver.ga: Gen 2290 | best=585723.14 | stagnation=20 | elapsed=2543.6s
22:26:46 [INFO] solver.ga: Gen 2300 | best=585723.14 | stagnation=30 | elapsed=2551.3s
22:26:53 [INFO] solver.ga: Gen 2310 | best=585723.14 | stagnation=40 | elapsed=2558.9s
22:27:01 [INFO] solver.ga: Gen 2320 | best=585723.14 | stagnation=50 | elapsed=2566.5s
22:27:08 [INFO] solver.ga: Gen 2330 | best=585723.14 | stagnation=60 | elapsed=2574.1s
22:27:16 [INFO] solver.ga: Gen 2340 | best=585723.14 | stagnation=70 | elapsed=2581.6s
22:27:24 [INFO] solver.ga: Gen 2350 | best=585723.14 | stagnation=80 | elapsed=2589.2s
22:27:31 [INFO] solver.ga: Gen 2360 | best=585723.14 | stagnation=90 | elapsed=2596.8s
22:27:39 [INFO] solver.ga: Gen 2370 | best=585723.14 | stagnation=100 | elapsed=2604.4s
22:27:46 [INFO] solver.ga: Gen 2380 | best=585723.14 | stagnation=110 | elapsed=2612.0s
22:27:54 [INFO] solver.ga: Gen 2390 | best=585723.14 | stagnation=120 | elapsed=2619.6s
22:28:02 [INFO] solver.ga: Gen 2400 | best=585723.14 | stagnation=130 | elapsed=2627.2s
22:28:09 [INFO] solver.ga: Gen 2410 | best=585723.14 | stagnation=140 | elapsed=2634.8s
22:28:17 [INFO] solver.ga: Gen 2420 | best=585723.14 | stagnation=150 | elapsed=2642.3s
22:28:24 [INFO] solver.ga: Gen 2430 | best=585723.14 | stagnation=160 | elapsed=2649.9s
22:28:32 [INFO] solver.ga: Gen 2440 | best=585723.14 | stagnation=170 | elapsed=2657.5s
22:28:40 [INFO] solver.ga: Gen 2450 | best=585723.14 | stagnation=180 | elapsed=2665.1s
22:28:47 [INFO] solver.ga: Gen 2460 | best=585723.14 | stagnation=190 | elapsed=2672.8s
22:28:55 [INFO] solver.ga: Gen 2470 | best=585723.14 | stagnation=200 | elapsed=2680.4s
22:29:02 [INFO] solver.ga: Gen 2480 | best=585723.14 | stagnation=210 | elapsed=2687.9s
22:29:10 [INFO] solver.ga: Gen 2490 | best=585723.14 | stagnation=220 | elapsed=2695.5s
22:29:18 [INFO] solver.ga: Gen 2500 | best=585723.14 | stagnation=230 | elapsed=2703.1s
22:29:25 [INFO] solver.ga: Gen 2510 | best=585723.14 | stagnation=240 | elapsed=2710.7s
22:29:33 [INFO] solver.ga: Gen 2520 | best=585723.14 | stagnation=250 | elapsed=2718.4s
22:29:40 [INFO] solver.ga: Gen 2530 | best=585723.14 | stagnation=260 | elapsed=2726.1s
22:29:48 [INFO] solver.ga: Gen 2540 | best=585723.14 | stagnation=270 | elapsed=2733.7s
22:29:56 [INFO] solver.ga: Gen 2550 | best=585723.14 | stagnation=280 | elapsed=2741.7s
22:30:04 [INFO] solver.ga: Gen 2560 | best=585723.14 | stagnation=290 | elapsed=2749.9s
22:30:12 [INFO] solver.ga: Gen 2570 | best=585723.14 | stagnation=300 | elapsed=2757.7s
22:30:20 [INFO] solver.ga: Gen 2580 | best=585723.14 | stagnation=310 | elapsed=2765.4s
22:30:28 [INFO] solver.ga: Gen 2590 | best=585723.14 | stagnation=320 | elapsed=2773.2s
22:30:35 [INFO] solver.ga: Gen 2600 | best=585723.14 | stagnation=330 | elapsed=2780.9s
22:30:43 [INFO] solver.ga: Gen 2610 | best=585723.14 | stagnation=340 | elapsed=2788.6s
22:30:51 [INFO] solver.ga: Gen 2620 | best=585723.14 | stagnation=350 | elapsed=2796.2s
22:30:58 [INFO] solver.ga: Gen 2630 | best=585723.14 | stagnation=360 | elapsed=2803.9s
22:31:06 [INFO] solver.ga: Gen 2640 | best=585723.14 | stagnation=370 | elapsed=2811.7s
22:31:14 [INFO] solver.ga: Gen 2650 | best=585723.14 | stagnation=380 | elapsed=2819.4s
22:31:22 [INFO] solver.ga: Gen 2660 | best=585723.14 | stagnation=390 | elapsed=2827.1s
22:31:29 [INFO] solver.ga: Gen 2670 | best=585723.14 | stagnation=400 | elapsed=2834.7s
22:31:37 [INFO] solver.ga: Gen 2680 | best=585723.14 | stagnation=410 | elapsed=2842.4s
22:31:45 [INFO] solver.ga: Gen 2690 | best=585723.14 | stagnation=420 | elapsed=2850.2s
22:31:52 [INFO] solver.ga: Gen 2700 | best=585723.14 | stagnation=430 | elapsed=2857.8s
22:32:00 [INFO] solver.ga: Gen 2710 | best=585723.14 | stagnation=440 | elapsed=2865.4s
22:32:07 [INFO] solver.ga: Gen 2720 | best=585723.14 | stagnation=450 | elapsed=2873.1s
22:32:15 [INFO] solver.ga: Gen 2730 | best=585723.14 | stagnation=460 | elapsed=2880.8s
22:32:23 [INFO] solver.ga: Gen 2740 | best=585723.14 | stagnation=470 | elapsed=2888.5s
22:32:31 [INFO] solver.ga: Gen 2750 | best=585723.14 | stagnation=480 | elapsed=2896.2s
22:32:38 [INFO] solver.ga: Gen 2760 | best=585723.14 | stagnation=490 | elapsed=2903.8s
22:32:46 [INFO] solver.ga: Gen 2770 | best=585723.14 | stagnation=500 | elapsed=2911.5s
22:32:54 [INFO] solver.ga: Gen 2780 | best=585723.14 | stagnation=510 | elapsed=2919.3s
22:33:01 [INFO] solver.ga: Gen 2790 | best=585723.14 | stagnation=520 | elapsed=2926.9s
22:33:09 [INFO] solver.ga: Gen 2800 | best=585723.14 | stagnation=530 | elapsed=2934.6s
22:33:17 [INFO] solver.ga: Gen 2810 | best=585723.14 | stagnation=540 | elapsed=2942.3s
22:33:24 [INFO] solver.ga: Gen 2820 | best=585723.14 | stagnation=550 | elapsed=2950.0s
22:33:32 [INFO] solver.ga: Gen 2830 | best=585723.14 | stagnation=560 | elapsed=2957.6s
22:33:40 [INFO] solver.ga: Gen 2840 | best=585723.14 | stagnation=570 | elapsed=2965.3s
22:33:47 [INFO] solver.ga: Gen 2850 | best=585723.14 | stagnation=580 | elapsed=2972.9s
22:33:55 [INFO] solver.ga: Gen 2860 | best=585723.14 | stagnation=590 | elapsed=2980.6s
22:34:03 [INFO] solver.ga: Gen 2870 | best=585723.14 | stagnation=600 | elapsed=2988.4s
22:34:11 [INFO] solver.ga: Gen 2880 | best=585723.14 | stagnation=610 | elapsed=2996.1s
22:34:18 [INFO] solver.ga: Gen 2890 | best=585723.14 | stagnation=620 | elapsed=3003.9s
22:34:26 [INFO] solver.ga: Gen 2900 | best=585723.14 | stagnation=630 | elapsed=3011.7s
22:34:34 [INFO] solver.ga: Gen 2910 | best=585723.14 | stagnation=640 | elapsed=3019.5s
22:34:42 [INFO] solver.ga: Gen 2920 | best=585723.14 | stagnation=650 | elapsed=3027.2s
22:34:49 [INFO] solver.ga: Gen 2930 | best=585723.14 | stagnation=660 | elapsed=3035.0s
22:34:57 [INFO] solver.ga: Gen 2940 | best=585723.14 | stagnation=670 | elapsed=3042.6s
22:35:05 [INFO] solver.ga: Gen 2950 | best=585723.14 | stagnation=680 | elapsed=3050.3s
22:35:12 [INFO] solver.ga: Gen 2960 | best=585723.14 | stagnation=690 | elapsed=3058.0s
22:35:20 [INFO] solver.ga: Gen 2970 | best=585723.14 | stagnation=700 | elapsed=3065.7s
22:35:28 [INFO] solver.ga: Gen 2980 | best=585723.14 | stagnation=710 | elapsed=3073.5s
22:35:36 [INFO] solver.ga: Gen 2990 | best=585723.14 | stagnation=720 | elapsed=3081.2s
22:35:43 [INFO] solver.ga: Gen 3000 | best=585723.14 | stagnation=730 | elapsed=3088.8s
22:35:51 [INFO] solver.ga: Gen 3010 | best=585723.14 | stagnation=740 | elapsed=3096.5s
22:35:58 [INFO] solver.ga: Gen 3020 | best=585723.14 | stagnation=750 | elapsed=3104.1s
22:36:06 [INFO] solver.ga: Gen 3030 | best=585723.14 | stagnation=760 | elapsed=3111.8s
22:36:14 [INFO] solver.ga: Gen 3040 | best=585723.14 | stagnation=770 | elapsed=3119.5s
22:36:22 [INFO] solver.ga: Gen 3050 | best=585723.14 | stagnation=780 | elapsed=3127.2s
22:36:29 [INFO] solver.ga: Gen 3060 | best=585723.14 | stagnation=790 | elapsed=3134.9s
22:36:37 [INFO] solver.ga: Gen 3070 | best=585723.14 | stagnation=800 | elapsed=3142.6s
22:36:45 [INFO] solver.ga: Gen 3080 | best=585723.14 | stagnation=810 | elapsed=3150.2s
22:36:52 [INFO] solver.ga: Gen 3090 | best=585723.14 | stagnation=820 | elapsed=3157.9s
22:37:00 [INFO] solver.ga: Gen 3100 | best=585723.14 | stagnation=830 | elapsed=3165.6s
22:37:08 [INFO] solver.ga: Gen 3110 | best=585723.14 | stagnation=840 | elapsed=3173.2s
22:37:15 [INFO] solver.ga: Gen 3120 | best=585723.14 | stagnation=850 | elapsed=3180.9s
22:37:23 [INFO] solver.ga: Gen 3130 | best=585723.14 | stagnation=860 | elapsed=3188.5s
22:37:31 [INFO] solver.ga: Gen 3140 | best=585723.14 | stagnation=870 | elapsed=3196.2s
22:37:38 [INFO] solver.ga: Gen 3150 | best=585723.14 | stagnation=880 | elapsed=3203.9s
22:37:46 [INFO] solver.ga: Gen 3160 | best=585723.14 | stagnation=890 | elapsed=3211.5s
22:37:54 [INFO] solver.ga: Gen 3170 | best=585723.14 | stagnation=900 | elapsed=3219.2s
22:38:01 [INFO] solver.ga: Gen 3180 | best=585723.14 | stagnation=910 | elapsed=3226.8s
22:38:09 [INFO] solver.ga: Gen 3190 | best=585723.14 | stagnation=920 | elapsed=3234.5s
22:38:17 [INFO] solver.ga: Gen 3200 | best=585723.14 | stagnation=930 | elapsed=3242.2s
22:38:24 [INFO] solver.ga: Gen 3210 | best=585723.14 | stagnation=940 | elapsed=3249.9s
22:38:32 [INFO] solver.ga: Gen 3220 | best=585723.14 | stagnation=950 | elapsed=3257.6s
22:38:40 [INFO] solver.ga: Gen 3230 | best=585723.14 | stagnation=960 | elapsed=3265.2s
22:38:47 [INFO] solver.ga: Gen 3240 | best=585723.14 | stagnation=970 | elapsed=3272.8s
22:38:55 [INFO] solver.ga: Gen 3250 | best=585723.14 | stagnation=980 | elapsed=3280.4s
22:39:03 [INFO] solver.ga: Gen 3260 | best=585723.14 | stagnation=990 | elapsed=3288.1s
22:39:10 [INFO] solver.ga: Gen 3270 | best=585723.14 | stagnation=1000 | elapsed=3295.8s
22:39:10 [INFO] solver.ga: Stagnation limit reached at generation 3270
22:39:10 [INFO] solver.ga: GA done | best fitness=585723.14 | generations=3271 | time=3295.8s
22:39:11 [INFO] solver.ga: Baselines vs GA | T=603464.74 | G=670309.77 | C=585723.14 (GA best)
22:39:11 [INFO] solver.ga: ============================================================
22:39:11 [INFO] solver.ga: Solving week: 2026-01-24  (550 orders)
22:39:11 [INFO] solver.ga: ============================================================
22:39:11 [INFO] solver.ga: Baselines | T (all-tender)=768344.81 | G (greedy-difficult)=855048.30
22:39:16 [INFO] solver.ga: GA start | orders=550 trucks=20 pop=1000 gens=5000 education=on | eval_workers=10 edu_workers=10 | init best=768344.81
22:39:37 [INFO] solver.ga: Gen  10 | best=764905.94 | stagnation=0 | elapsed=21.1s
22:39:45 [INFO] solver.ga: Gen  20 | best=764903.61 | stagnation=0 | elapsed=28.3s
22:39:52 [INFO] solver.ga: Gen  30 | best=763084.59 | stagnation=0 | elapsed=35.4s
22:39:59 [INFO] solver.ga: Gen  40 | best=763084.59 | stagnation=10 | elapsed=42.6s
22:40:06 [INFO] solver.ga: Gen  50 | best=761728.19 | stagnation=0 | elapsed=49.9s
22:40:13 [INFO] solver.ga: Gen  60 | best=761594.19 | stagnation=0 | elapsed=57.1s
22:40:21 [INFO] solver.ga: Gen  70 | best=760691.21 | stagnation=0 | elapsed=64.3s
22:40:28 [INFO] solver.ga: Gen  80 | best=760691.21 | stagnation=10 | elapsed=71.6s
22:40:35 [INFO] solver.ga: Gen  90 | best=758523.84 | stagnation=0 | elapsed=79.0s
22:40:43 [INFO] solver.ga: Gen 100 | best=758523.84 | stagnation=10 | elapsed=86.3s
22:40:50 [INFO] solver.ga: Gen 110 | best=758523.84 | stagnation=20 | elapsed=93.8s
22:40:58 [INFO] solver.ga: Gen 120 | best=758523.84 | stagnation=30 | elapsed=101.4s
22:41:06 [INFO] solver.ga: Gen 130 | best=758523.84 | stagnation=40 | elapsed=110.0s
22:41:16 [INFO] solver.ga: Gen 140 | best=758523.84 | stagnation=50 | elapsed=119.7s
22:41:24 [INFO] solver.ga: Gen 150 | best=758480.09 | stagnation=0 | elapsed=127.7s
22:41:31 [INFO] solver.ga: Gen 160 | best=758175.84 | stagnation=0 | elapsed=135.2s
22:41:39 [INFO] solver.ga: Gen 170 | best=758175.84 | stagnation=10 | elapsed=142.9s
22:41:47 [INFO] solver.ga: Gen 180 | best=758175.84 | stagnation=20 | elapsed=150.5s
22:41:54 [INFO] solver.ga: Gen 190 | best=758098.84 | stagnation=0 | elapsed=158.2s
22:42:02 [INFO] solver.ga: Gen 200 | best=757024.26 | stagnation=0 | elapsed=165.9s
22:42:10 [INFO] solver.ga: Gen 210 | best=757024.26 | stagnation=10 | elapsed=173.6s
22:42:17 [INFO] solver.ga: Gen 220 | best=757024.26 | stagnation=20 | elapsed=181.2s
22:42:25 [INFO] solver.ga: Gen 230 | best=757024.26 | stagnation=30 | elapsed=189.0s
22:42:33 [INFO] solver.ga: Gen 240 | best=756847.01 | stagnation=0 | elapsed=196.8s
22:42:41 [INFO] solver.ga: Gen 250 | best=756812.66 | stagnation=0 | elapsed=204.9s
22:42:49 [INFO] solver.ga: Gen 260 | best=756656.14 | stagnation=0 | elapsed=212.8s
22:42:57 [INFO] solver.ga: Gen 270 | best=756210.29 | stagnation=0 | elapsed=220.7s
22:43:05 [INFO] solver.ga: Gen 280 | best=756210.29 | stagnation=10 | elapsed=228.4s
22:43:12 [INFO] solver.ga: Gen 290 | best=756210.29 | stagnation=20 | elapsed=236.2s
22:43:20 [INFO] solver.ga: Gen 300 | best=755317.99 | stagnation=0 | elapsed=244.0s
22:43:28 [INFO] solver.ga: Gen 310 | best=755317.99 | stagnation=10 | elapsed=251.6s
22:43:36 [INFO] solver.ga: Gen 320 | best=755317.99 | stagnation=20 | elapsed=259.3s
22:43:43 [INFO] solver.ga: Gen 330 | best=755317.99 | stagnation=30 | elapsed=267.1s
22:43:51 [INFO] solver.ga: Gen 340 | best=755317.99 | stagnation=40 | elapsed=275.2s
22:43:59 [INFO] solver.ga: Gen 350 | best=755119.86 | stagnation=0 | elapsed=283.0s
22:44:07 [INFO] solver.ga: Gen 360 | best=755119.86 | stagnation=10 | elapsed=290.9s
22:44:15 [INFO] solver.ga: Gen 370 | best=755119.86 | stagnation=20 | elapsed=299.0s
22:44:23 [INFO] solver.ga: Gen 380 | best=755119.86 | stagnation=30 | elapsed=307.0s
22:44:31 [INFO] solver.ga: Gen 390 | best=755119.86 | stagnation=40 | elapsed=315.0s
22:44:39 [INFO] solver.ga: Gen 400 | best=755119.86 | stagnation=50 | elapsed=323.0s
22:44:47 [INFO] solver.ga: Gen 410 | best=755119.86 | stagnation=60 | elapsed=330.9s
22:44:55 [INFO] solver.ga: Gen 420 | best=755119.86 | stagnation=70 | elapsed=339.0s
22:45:03 [INFO] solver.ga: Gen 430 | best=755119.86 | stagnation=80 | elapsed=347.0s
22:45:11 [INFO] solver.ga: Gen 440 | best=755097.34 | stagnation=0 | elapsed=354.9s
22:45:19 [INFO] solver.ga: Gen 450 | best=755097.34 | stagnation=10 | elapsed=362.9s
22:45:27 [INFO] solver.ga: Gen 460 | best=754747.41 | stagnation=0 | elapsed=370.8s
22:45:35 [INFO] solver.ga: Gen 470 | best=754747.41 | stagnation=10 | elapsed=378.7s
22:45:43 [INFO] solver.ga: Gen 480 | best=754659.01 | stagnation=0 | elapsed=386.6s
22:45:51 [INFO] solver.ga: Gen 490 | best=754659.01 | stagnation=10 | elapsed=394.6s
22:45:59 [INFO] solver.ga: Gen 500 | best=754659.01 | stagnation=20 | elapsed=402.6s
22:46:07 [INFO] solver.ga: Gen 510 | best=754624.86 | stagnation=0 | elapsed=410.6s
22:46:15 [INFO] solver.ga: Gen 520 | best=754624.86 | stagnation=10 | elapsed=418.6s
22:46:23 [INFO] solver.ga: Gen 530 | best=754624.86 | stagnation=20 | elapsed=426.5s
22:46:31 [INFO] solver.ga: Gen 540 | best=754367.21 | stagnation=0 | elapsed=434.4s
22:46:39 [INFO] solver.ga: Gen 550 | best=754367.21 | stagnation=10 | elapsed=442.4s
22:46:47 [INFO] solver.ga: Gen 560 | best=754367.21 | stagnation=20 | elapsed=450.3s
22:46:54 [INFO] solver.ga: Gen 570 | best=754367.21 | stagnation=30 | elapsed=458.3s
22:47:02 [INFO] solver.ga: Gen 580 | best=754367.21 | stagnation=40 | elapsed=466.2s
22:47:10 [INFO] solver.ga: Gen 590 | best=754367.21 | stagnation=50 | elapsed=474.1s
22:47:18 [INFO] solver.ga: Gen 600 | best=754367.21 | stagnation=60 | elapsed=482.1s
22:47:26 [INFO] solver.ga: Gen 610 | best=754367.21 | stagnation=70 | elapsed=490.1s
22:47:34 [INFO] solver.ga: Gen 620 | best=754367.21 | stagnation=80 | elapsed=498.1s
22:47:42 [INFO] solver.ga: Gen 630 | best=754075.41 | stagnation=0 | elapsed=506.1s
22:47:50 [INFO] solver.ga: Gen 640 | best=754075.41 | stagnation=10 | elapsed=514.1s
22:47:58 [INFO] solver.ga: Gen 650 | best=754075.41 | stagnation=20 | elapsed=522.2s
22:48:06 [INFO] solver.ga: Gen 660 | best=754075.41 | stagnation=30 | elapsed=530.2s
22:48:14 [INFO] solver.ga: Gen 670 | best=754075.41 | stagnation=40 | elapsed=538.3s
22:48:23 [INFO] solver.ga: Gen 680 | best=754075.41 | stagnation=50 | elapsed=546.3s
22:48:31 [INFO] solver.ga: Gen 690 | best=754075.41 | stagnation=60 | elapsed=554.3s
22:48:39 [INFO] solver.ga: Gen 700 | best=754075.41 | stagnation=70 | elapsed=562.3s
22:48:47 [INFO] solver.ga: Gen 710 | best=754075.41 | stagnation=80 | elapsed=570.5s
22:48:55 [INFO] solver.ga: Gen 720 | best=754039.16 | stagnation=0 | elapsed=578.5s
22:49:03 [INFO] solver.ga: Gen 730 | best=754039.16 | stagnation=10 | elapsed=586.6s
22:49:11 [INFO] solver.ga: Gen 740 | best=754020.01 | stagnation=0 | elapsed=594.8s
22:49:19 [INFO] solver.ga: Gen 750 | best=754020.01 | stagnation=10 | elapsed=602.9s
22:49:27 [INFO] solver.ga: Gen 760 | best=754020.01 | stagnation=20 | elapsed=610.9s
22:49:35 [INFO] solver.ga: Gen 770 | best=754020.01 | stagnation=30 | elapsed=619.1s
22:49:43 [INFO] solver.ga: Gen 780 | best=753965.24 | stagnation=0 | elapsed=627.2s
22:49:51 [INFO] solver.ga: Gen 790 | best=753965.24 | stagnation=10 | elapsed=635.1s
22:49:59 [INFO] solver.ga: Gen 800 | best=753965.24 | stagnation=20 | elapsed=643.2s
22:50:08 [INFO] solver.ga: Gen 810 | best=753965.24 | stagnation=30 | elapsed=651.3s
22:50:15 [INFO] solver.ga: Gen 820 | best=753965.24 | stagnation=40 | elapsed=659.3s
22:50:24 [INFO] solver.ga: Gen 830 | best=753965.24 | stagnation=50 | elapsed=667.3s
22:50:32 [INFO] solver.ga: Gen 840 | best=753965.24 | stagnation=60 | elapsed=675.3s
22:50:40 [INFO] solver.ga: Gen 850 | best=753965.24 | stagnation=70 | elapsed=683.3s
22:50:48 [INFO] solver.ga: Gen 860 | best=753965.24 | stagnation=80 | elapsed=691.3s
22:50:56 [INFO] solver.ga: Gen 870 | best=753965.24 | stagnation=90 | elapsed=699.4s
22:51:04 [INFO] solver.ga: Gen 880 | best=753965.24 | stagnation=100 | elapsed=708.2s
22:51:13 [INFO] solver.ga: Gen 890 | best=753923.39 | stagnation=0 | elapsed=716.7s
22:51:21 [INFO] solver.ga: Gen 900 | best=753923.39 | stagnation=10 | elapsed=724.7s
22:51:29 [INFO] solver.ga: Gen 910 | best=753923.39 | stagnation=20 | elapsed=732.7s
22:51:37 [INFO] solver.ga: Gen 920 | best=753900.39 | stagnation=0 | elapsed=740.8s
22:51:45 [INFO] solver.ga: Gen 930 | best=753900.39 | stagnation=10 | elapsed=748.9s
22:51:53 [INFO] solver.ga: Gen 940 | best=753900.39 | stagnation=20 | elapsed=756.9s
22:52:01 [INFO] solver.ga: Gen 950 | best=753900.39 | stagnation=30 | elapsed=765.0s
22:52:09 [INFO] solver.ga: Gen 960 | best=753900.39 | stagnation=40 | elapsed=773.1s
22:52:17 [INFO] solver.ga: Gen 970 | best=753879.04 | stagnation=0 | elapsed=781.2s
22:52:26 [INFO] solver.ga: Gen 980 | best=753879.04 | stagnation=10 | elapsed=789.5s
22:52:34 [INFO] solver.ga: Gen 990 | best=753879.04 | stagnation=20 | elapsed=797.6s
22:52:42 [INFO] solver.ga: Gen 1000 | best=753879.04 | stagnation=30 | elapsed=805.6s
22:52:50 [INFO] solver.ga: Gen 1010 | best=753879.04 | stagnation=40 | elapsed=813.7s
22:52:58 [INFO] solver.ga: Gen 1020 | best=753879.04 | stagnation=50 | elapsed=821.8s
22:53:06 [INFO] solver.ga: Gen 1030 | best=753879.04 | stagnation=60 | elapsed=829.9s
22:53:14 [INFO] solver.ga: Gen 1040 | best=753763.99 | stagnation=0 | elapsed=837.9s
22:53:22 [INFO] solver.ga: Gen 1050 | best=753763.99 | stagnation=10 | elapsed=846.0s
22:53:30 [INFO] solver.ga: Gen 1060 | best=753591.79 | stagnation=0 | elapsed=854.2s
22:53:39 [INFO] solver.ga: Gen 1070 | best=753591.79 | stagnation=10 | elapsed=862.3s
22:53:47 [INFO] solver.ga: Gen 1080 | best=753591.79 | stagnation=20 | elapsed=870.4s
22:53:55 [INFO] solver.ga: Gen 1090 | best=753591.79 | stagnation=30 | elapsed=878.5s
22:54:03 [INFO] solver.ga: Gen 1100 | best=753591.79 | stagnation=40 | elapsed=886.6s
22:54:11 [INFO] solver.ga: Gen 1110 | best=753591.79 | stagnation=50 | elapsed=894.8s
22:54:19 [INFO] solver.ga: Gen 1120 | best=753591.79 | stagnation=60 | elapsed=902.9s
22:54:27 [INFO] solver.ga: Gen 1130 | best=753591.79 | stagnation=70 | elapsed=911.1s
22:54:36 [INFO] solver.ga: Gen 1140 | best=753591.79 | stagnation=80 | elapsed=919.3s
22:54:44 [INFO] solver.ga: Gen 1150 | best=753591.79 | stagnation=90 | elapsed=927.4s
22:54:52 [INFO] solver.ga: Gen 1160 | best=753591.79 | stagnation=100 | elapsed=935.5s
22:55:00 [INFO] solver.ga: Gen 1170 | best=753591.79 | stagnation=110 | elapsed=943.6s
22:55:08 [INFO] solver.ga: Gen 1180 | best=753591.79 | stagnation=120 | elapsed=951.9s
22:55:16 [INFO] solver.ga: Gen 1190 | best=753591.79 | stagnation=130 | elapsed=960.1s
22:55:24 [INFO] solver.ga: Gen 1200 | best=753213.79 | stagnation=0 | elapsed=968.2s
22:55:32 [INFO] solver.ga: Gen 1210 | best=753213.79 | stagnation=10 | elapsed=976.2s
22:55:41 [INFO] solver.ga: Gen 1220 | best=753076.19 | stagnation=0 | elapsed=984.4s
22:55:49 [INFO] solver.ga: Gen 1230 | best=753076.19 | stagnation=10 | elapsed=992.6s
22:55:57 [INFO] solver.ga: Gen 1240 | best=753076.19 | stagnation=20 | elapsed=1000.7s
22:56:05 [INFO] solver.ga: Gen 1250 | best=753076.19 | stagnation=30 | elapsed=1009.0s
22:56:13 [INFO] solver.ga: Gen 1260 | best=753076.19 | stagnation=40 | elapsed=1017.2s
22:56:22 [INFO] solver.ga: Gen 1270 | best=753020.79 | stagnation=0 | elapsed=1025.4s
22:56:30 [INFO] solver.ga: Gen 1280 | best=753020.79 | stagnation=10 | elapsed=1033.6s
22:56:38 [INFO] solver.ga: Gen 1290 | best=753020.79 | stagnation=20 | elapsed=1041.8s
22:56:46 [INFO] solver.ga: Gen 1300 | best=753020.79 | stagnation=30 | elapsed=1050.1s
22:56:55 [INFO] solver.ga: Gen 1310 | best=752989.99 | stagnation=0 | elapsed=1058.5s
22:57:03 [INFO] solver.ga: Gen 1320 | best=752989.99 | stagnation=10 | elapsed=1066.8s
22:57:12 [INFO] solver.ga: Gen 1330 | best=752833.79 | stagnation=0 | elapsed=1075.3s
22:57:20 [INFO] solver.ga: Gen 1340 | best=752833.79 | stagnation=10 | elapsed=1083.7s
22:57:28 [INFO] solver.ga: Gen 1350 | best=752833.79 | stagnation=20 | elapsed=1092.1s
22:57:37 [INFO] solver.ga: Gen 1360 | best=752833.79 | stagnation=30 | elapsed=1100.4s
22:57:45 [INFO] solver.ga: Gen 1370 | best=752833.79 | stagnation=40 | elapsed=1108.7s
22:57:53 [INFO] solver.ga: Gen 1380 | best=752698.19 | stagnation=0 | elapsed=1117.0s
22:58:02 [INFO] solver.ga: Gen 1390 | best=752666.59 | stagnation=0 | elapsed=1125.3s
22:58:10 [INFO] solver.ga: Gen 1400 | best=752666.59 | stagnation=10 | elapsed=1133.7s
22:58:18 [INFO] solver.ga: Gen 1410 | best=752666.59 | stagnation=20 | elapsed=1142.0s
22:58:27 [INFO] solver.ga: Gen 1420 | best=752666.59 | stagnation=30 | elapsed=1150.3s
22:58:35 [INFO] solver.ga: Gen 1430 | best=752666.59 | stagnation=40 | elapsed=1158.7s
22:58:43 [INFO] solver.ga: Gen 1440 | best=752666.59 | stagnation=50 | elapsed=1167.1s
22:58:52 [INFO] solver.ga: Gen 1450 | best=752666.59 | stagnation=60 | elapsed=1175.5s
22:59:00 [INFO] solver.ga: Gen 1460 | best=752666.59 | stagnation=70 | elapsed=1183.8s
22:59:08 [INFO] solver.ga: Gen 1470 | best=752666.59 | stagnation=80 | elapsed=1192.2s
22:59:17 [INFO] solver.ga: Gen 1480 | best=752666.59 | stagnation=90 | elapsed=1200.6s
22:59:25 [INFO] solver.ga: Gen 1490 | best=752600.19 | stagnation=0 | elapsed=1209.0s
22:59:34 [INFO] solver.ga: Gen 1500 | best=752600.19 | stagnation=10 | elapsed=1217.3s
22:59:42 [INFO] solver.ga: Gen 1510 | best=752600.19 | stagnation=20 | elapsed=1225.9s
22:59:51 [INFO] solver.ga: Gen 1520 | best=752600.19 | stagnation=30 | elapsed=1234.3s
22:59:59 [INFO] solver.ga: Gen 1530 | best=752600.19 | stagnation=40 | elapsed=1242.8s
23:00:07 [INFO] solver.ga: Gen 1540 | best=752561.79 | stagnation=0 | elapsed=1251.2s
23:00:16 [INFO] solver.ga: Gen 1550 | best=752561.79 | stagnation=10 | elapsed=1259.7s
23:00:24 [INFO] solver.ga: Gen 1560 | best=752561.79 | stagnation=20 | elapsed=1268.2s
23:00:33 [INFO] solver.ga: Gen 1570 | best=752561.79 | stagnation=30 | elapsed=1276.6s
23:00:41 [INFO] solver.ga: Gen 1580 | best=752561.79 | stagnation=40 | elapsed=1285.1s
23:00:50 [INFO] solver.ga: Gen 1590 | best=752561.79 | stagnation=50 | elapsed=1293.6s
23:00:58 [INFO] solver.ga: Gen 1600 | best=752561.79 | stagnation=60 | elapsed=1302.0s
23:01:07 [INFO] solver.ga: Gen 1610 | best=752561.79 | stagnation=70 | elapsed=1310.6s
23:01:15 [INFO] solver.ga: Gen 1620 | best=752561.79 | stagnation=80 | elapsed=1319.1s
23:01:24 [INFO] solver.ga: Gen 1630 | best=752432.99 | stagnation=0 | elapsed=1327.6s
23:01:32 [INFO] solver.ga: Gen 1640 | best=752432.99 | stagnation=10 | elapsed=1336.0s
23:01:41 [INFO] solver.ga: Gen 1650 | best=752432.99 | stagnation=20 | elapsed=1344.6s
23:01:49 [INFO] solver.ga: Gen 1660 | best=752432.99 | stagnation=30 | elapsed=1353.1s
23:01:58 [INFO] solver.ga: Gen 1670 | best=752402.59 | stagnation=0 | elapsed=1361.6s
23:02:06 [INFO] solver.ga: Gen 1680 | best=752402.59 | stagnation=10 | elapsed=1370.1s
23:02:15 [INFO] solver.ga: Gen 1690 | best=752402.59 | stagnation=20 | elapsed=1378.7s
23:02:23 [INFO] solver.ga: Gen 1700 | best=752402.59 | stagnation=30 | elapsed=1387.2s
23:02:32 [INFO] solver.ga: Gen 1710 | best=752402.59 | stagnation=40 | elapsed=1395.8s
23:02:41 [INFO] solver.ga: Gen 1720 | best=752402.19 | stagnation=0 | elapsed=1404.4s
23:02:49 [INFO] solver.ga: Gen 1730 | best=752402.19 | stagnation=10 | elapsed=1412.9s
23:02:58 [INFO] solver.ga: Gen 1740 | best=752402.19 | stagnation=20 | elapsed=1421.5s
23:03:06 [INFO] solver.ga: Gen 1750 | best=752402.19 | stagnation=30 | elapsed=1430.0s
23:03:15 [INFO] solver.ga: Gen 1760 | best=752402.19 | stagnation=40 | elapsed=1438.5s
23:03:23 [INFO] solver.ga: Gen 1770 | best=752398.54 | stagnation=0 | elapsed=1447.1s
23:03:32 [INFO] solver.ga: Gen 1780 | best=752398.54 | stagnation=10 | elapsed=1455.6s
23:03:41 [INFO] solver.ga: Gen 1790 | best=752398.54 | stagnation=20 | elapsed=1464.4s
23:03:49 [INFO] solver.ga: Gen 1800 | best=752398.54 | stagnation=30 | elapsed=1472.9s
23:03:58 [INFO] solver.ga: Gen 1810 | best=752398.54 | stagnation=40 | elapsed=1481.5s
23:04:06 [INFO] solver.ga: Gen 1820 | best=752398.54 | stagnation=50 | elapsed=1490.0s
23:04:15 [INFO] solver.ga: Gen 1830 | best=752398.54 | stagnation=60 | elapsed=1498.6s
23:04:23 [INFO] solver.ga: Gen 1840 | best=752398.54 | stagnation=70 | elapsed=1507.1s
23:04:32 [INFO] solver.ga: Gen 1850 | best=752398.54 | stagnation=80 | elapsed=1515.6s
23:04:40 [INFO] solver.ga: Gen 1860 | best=752398.54 | stagnation=90 | elapsed=1524.2s
23:04:49 [INFO] solver.ga: Gen 1870 | best=752398.54 | stagnation=100 | elapsed=1532.7s
23:04:57 [INFO] solver.ga: Gen 1880 | best=752398.54 | stagnation=110 | elapsed=1541.2s
23:05:07 [INFO] solver.ga: Gen 1890 | best=752398.54 | stagnation=120 | elapsed=1550.4s
23:05:15 [INFO] solver.ga: Gen 1900 | best=752398.54 | stagnation=130 | elapsed=1559.2s
23:05:24 [INFO] solver.ga: Gen 1910 | best=752398.54 | stagnation=140 | elapsed=1567.8s
23:05:33 [INFO] solver.ga: Gen 1920 | best=752378.59 | stagnation=0 | elapsed=1576.3s
23:05:41 [INFO] solver.ga: Gen 1930 | best=752378.59 | stagnation=10 | elapsed=1584.8s
23:05:50 [INFO] solver.ga: Gen 1940 | best=752378.59 | stagnation=20 | elapsed=1593.4s
23:05:58 [INFO] solver.ga: Gen 1950 | best=752085.79 | stagnation=0 | elapsed=1602.0s
23:06:07 [INFO] solver.ga: Gen 1960 | best=752085.79 | stagnation=10 | elapsed=1610.6s
23:06:15 [INFO] solver.ga: Gen 1970 | best=752085.79 | stagnation=20 | elapsed=1619.1s
23:06:24 [INFO] solver.ga: Gen 1980 | best=752085.79 | stagnation=30 | elapsed=1627.8s
23:06:33 [INFO] solver.ga: Gen 1990 | best=752085.79 | stagnation=40 | elapsed=1636.5s
23:06:41 [INFO] solver.ga: Gen 2000 | best=752085.79 | stagnation=50 | elapsed=1645.1s
23:06:50 [INFO] solver.ga: Gen 2010 | best=752085.79 | stagnation=60 | elapsed=1653.7s
23:06:59 [INFO] solver.ga: Gen 2020 | best=752085.79 | stagnation=70 | elapsed=1662.3s
23:07:07 [INFO] solver.ga: Gen 2030 | best=752085.79 | stagnation=80 | elapsed=1670.9s
23:07:16 [INFO] solver.ga: Gen 2040 | best=752085.79 | stagnation=90 | elapsed=1679.5s
23:07:24 [INFO] solver.ga: Gen 2050 | best=752085.79 | stagnation=100 | elapsed=1688.1s
23:07:33 [INFO] solver.ga: Gen 2060 | best=752085.79 | stagnation=110 | elapsed=1696.7s
23:07:42 [INFO] solver.ga: Gen 2070 | best=752085.79 | stagnation=120 | elapsed=1705.7s
23:07:51 [INFO] solver.ga: Gen 2080 | best=752085.79 | stagnation=130 | elapsed=1714.7s
23:08:00 [INFO] solver.ga: Gen 2090 | best=752085.79 | stagnation=140 | elapsed=1723.4s
23:08:08 [INFO] solver.ga: Gen 2100 | best=752085.79 | stagnation=150 | elapsed=1732.0s
23:08:17 [INFO] solver.ga: Gen 2110 | best=752085.79 | stagnation=160 | elapsed=1740.6s
23:08:25 [INFO] solver.ga: Gen 2120 | best=752083.79 | stagnation=0 | elapsed=1749.2s
23:08:34 [INFO] solver.ga: Gen 2130 | best=752083.79 | stagnation=10 | elapsed=1757.8s
23:08:43 [INFO] solver.ga: Gen 2140 | best=752083.79 | stagnation=20 | elapsed=1766.5s
23:08:51 [INFO] solver.ga: Gen 2150 | best=752083.79 | stagnation=30 | elapsed=1775.2s
23:09:00 [INFO] solver.ga: Gen 2160 | best=752083.79 | stagnation=40 | elapsed=1783.8s
23:09:09 [INFO] solver.ga: Gen 2170 | best=752083.79 | stagnation=50 | elapsed=1792.5s
23:09:17 [INFO] solver.ga: Gen 2180 | best=752083.79 | stagnation=60 | elapsed=1801.2s
23:09:26 [INFO] solver.ga: Gen 2190 | best=752083.79 | stagnation=70 | elapsed=1809.9s
23:09:35 [INFO] solver.ga: Gen 2200 | best=752083.79 | stagnation=80 | elapsed=1818.6s
23:09:44 [INFO] solver.ga: Gen 2210 | best=752083.79 | stagnation=90 | elapsed=1827.4s
23:09:52 [INFO] solver.ga: Gen 2220 | best=752083.79 | stagnation=100 | elapsed=1836.0s
23:10:01 [INFO] solver.ga: Gen 2230 | best=752083.79 | stagnation=110 | elapsed=1844.6s
23:10:09 [INFO] solver.ga: Gen 2240 | best=752083.79 | stagnation=120 | elapsed=1853.1s
23:10:18 [INFO] solver.ga: Gen 2250 | best=752083.39 | stagnation=0 | elapsed=1861.7s
23:10:26 [INFO] solver.ga: Gen 2260 | best=752083.39 | stagnation=10 | elapsed=1870.2s
23:10:35 [INFO] solver.ga: Gen 2270 | best=752083.39 | stagnation=20 | elapsed=1878.8s
23:10:44 [INFO] solver.ga: Gen 2280 | best=752083.39 | stagnation=30 | elapsed=1887.3s
23:10:52 [INFO] solver.ga: Gen 2290 | best=752083.39 | stagnation=40 | elapsed=1895.9s
23:11:01 [INFO] solver.ga: Gen 2300 | best=752083.39 | stagnation=50 | elapsed=1904.3s
23:11:09 [INFO] solver.ga: Gen 2310 | best=752083.39 | stagnation=60 | elapsed=1912.9s
23:11:18 [INFO] solver.ga: Gen 2320 | best=752083.39 | stagnation=70 | elapsed=1921.5s
23:11:26 [INFO] solver.ga: Gen 2330 | best=752083.39 | stagnation=80 | elapsed=1930.1s
23:11:35 [INFO] solver.ga: Gen 2340 | best=752083.39 | stagnation=90 | elapsed=1938.7s
23:11:44 [INFO] solver.ga: Gen 2350 | best=752000.99 | stagnation=0 | elapsed=1947.3s
23:11:53 [INFO] solver.ga: Gen 2360 | best=752000.99 | stagnation=10 | elapsed=1956.7s
23:12:02 [INFO] solver.ga: Gen 2370 | best=752000.99 | stagnation=20 | elapsed=1965.3s
23:12:10 [INFO] solver.ga: Gen 2380 | best=752000.99 | stagnation=30 | elapsed=1974.1s
23:12:19 [INFO] solver.ga: Gen 2390 | best=752000.99 | stagnation=40 | elapsed=1982.9s
23:12:28 [INFO] solver.ga: Gen 2400 | best=752000.99 | stagnation=50 | elapsed=1991.4s
23:12:36 [INFO] solver.ga: Gen 2410 | best=752000.99 | stagnation=60 | elapsed=2000.0s
23:12:45 [INFO] solver.ga: Gen 2420 | best=752000.99 | stagnation=70 | elapsed=2008.6s
23:12:53 [INFO] solver.ga: Gen 2430 | best=752000.99 | stagnation=80 | elapsed=2017.2s
23:13:02 [INFO] solver.ga: Gen 2440 | best=752000.99 | stagnation=90 | elapsed=2025.9s
23:13:11 [INFO] solver.ga: Gen 2450 | best=752000.99 | stagnation=100 | elapsed=2034.5s
23:13:19 [INFO] solver.ga: Gen 2460 | best=752000.99 | stagnation=110 | elapsed=2043.1s
23:13:28 [INFO] solver.ga: Gen 2470 | best=752000.99 | stagnation=120 | elapsed=2051.8s
23:13:37 [INFO] solver.ga: Gen 2480 | best=752000.99 | stagnation=130 | elapsed=2060.4s
23:13:45 [INFO] solver.ga: Gen 2490 | best=752000.99 | stagnation=140 | elapsed=2069.0s
23:13:54 [INFO] solver.ga: Gen 2500 | best=752000.99 | stagnation=150 | elapsed=2077.5s
23:14:02 [INFO] solver.ga: Gen 2510 | best=752000.99 | stagnation=160 | elapsed=2086.1s
23:14:11 [INFO] solver.ga: Gen 2520 | best=752000.99 | stagnation=170 | elapsed=2094.6s
23:14:19 [INFO] solver.ga: Gen 2530 | best=752000.99 | stagnation=180 | elapsed=2103.0s
23:14:28 [INFO] solver.ga: Gen 2540 | best=752000.99 | stagnation=190 | elapsed=2111.5s
23:14:36 [INFO] solver.ga: Gen 2550 | best=752000.99 | stagnation=200 | elapsed=2120.2s
23:14:45 [INFO] solver.ga: Gen 2560 | best=752000.99 | stagnation=210 | elapsed=2128.9s
23:14:54 [INFO] solver.ga: Gen 2570 | best=752000.99 | stagnation=220 | elapsed=2137.6s
23:15:03 [INFO] solver.ga: Gen 2580 | best=751820.19 | stagnation=0 | elapsed=2146.3s
23:15:11 [INFO] solver.ga: Gen 2590 | best=751760.19 | stagnation=0 | elapsed=2154.9s
23:15:20 [INFO] solver.ga: Gen 2600 | best=751760.19 | stagnation=10 | elapsed=2163.5s
23:15:28 [INFO] solver.ga: Gen 2610 | best=751760.19 | stagnation=20 | elapsed=2172.0s
23:15:37 [INFO] solver.ga: Gen 2620 | best=751760.19 | stagnation=30 | elapsed=2180.6s
23:15:45 [INFO] solver.ga: Gen 2630 | best=751760.19 | stagnation=40 | elapsed=2189.2s
23:15:54 [INFO] solver.ga: Gen 2640 | best=751760.19 | stagnation=50 | elapsed=2197.8s
23:16:03 [INFO] solver.ga: Gen 2650 | best=751760.19 | stagnation=60 | elapsed=2206.5s
23:16:11 [INFO] solver.ga: Gen 2660 | best=751760.19 | stagnation=70 | elapsed=2215.1s
23:16:20 [INFO] solver.ga: Gen 2670 | best=751760.19 | stagnation=80 | elapsed=2223.7s
23:16:28 [INFO] solver.ga: Gen 2680 | best=751760.19 | stagnation=90 | elapsed=2232.2s
23:16:37 [INFO] solver.ga: Gen 2690 | best=751760.19 | stagnation=100 | elapsed=2240.7s
23:16:46 [INFO] solver.ga: Gen 2700 | best=751760.19 | stagnation=110 | elapsed=2249.3s
23:16:54 [INFO] solver.ga: Gen 2710 | best=751760.19 | stagnation=120 | elapsed=2257.9s
23:17:03 [INFO] solver.ga: Gen 2720 | best=751760.19 | stagnation=130 | elapsed=2266.4s
23:17:11 [INFO] solver.ga: Gen 2730 | best=751760.19 | stagnation=140 | elapsed=2274.9s
23:17:20 [INFO] solver.ga: Gen 2740 | best=751760.19 | stagnation=150 | elapsed=2283.4s
23:17:28 [INFO] solver.ga: Gen 2750 | best=751760.19 | stagnation=160 | elapsed=2291.8s
23:17:37 [INFO] solver.ga: Gen 2760 | best=751760.19 | stagnation=170 | elapsed=2300.6s
23:17:45 [INFO] solver.ga: Gen 2770 | best=751760.19 | stagnation=180 | elapsed=2309.1s
23:17:54 [INFO] solver.ga: Gen 2780 | best=751760.19 | stagnation=190 | elapsed=2317.7s
23:18:03 [INFO] solver.ga: Gen 2790 | best=751760.19 | stagnation=200 | elapsed=2326.4s
23:18:11 [INFO] solver.ga: Gen 2800 | best=751760.19 | stagnation=210 | elapsed=2335.0s
23:18:20 [INFO] solver.ga: Gen 2810 | best=751760.19 | stagnation=220 | elapsed=2343.6s
23:18:28 [INFO] solver.ga: Gen 2820 | best=751760.19 | stagnation=230 | elapsed=2352.2s
23:18:37 [INFO] solver.ga: Gen 2830 | best=751760.19 | stagnation=240 | elapsed=2360.7s
23:18:45 [INFO] solver.ga: Gen 2840 | best=751760.19 | stagnation=250 | elapsed=2369.3s
23:18:54 [INFO] solver.ga: Gen 2850 | best=751760.19 | stagnation=260 | elapsed=2377.8s
23:19:03 [INFO] solver.ga: Gen 2860 | best=751760.19 | stagnation=270 | elapsed=2386.5s
23:19:11 [INFO] solver.ga: Gen 2870 | best=751760.19 | stagnation=280 | elapsed=2395.2s
23:19:20 [INFO] solver.ga: Gen 2880 | best=751760.19 | stagnation=290 | elapsed=2403.7s
23:19:29 [INFO] solver.ga: Gen 2890 | best=751760.19 | stagnation=300 | elapsed=2412.3s
23:19:37 [INFO] solver.ga: Gen 2900 | best=751760.19 | stagnation=310 | elapsed=2421.0s
23:19:46 [INFO] solver.ga: Gen 2910 | best=751760.19 | stagnation=320 | elapsed=2429.7s
23:19:55 [INFO] solver.ga: Gen 2920 | best=751760.19 | stagnation=330 | elapsed=2438.3s
23:20:03 [INFO] solver.ga: Gen 2930 | best=751760.19 | stagnation=340 | elapsed=2446.9s
23:20:12 [INFO] solver.ga: Gen 2940 | best=751760.19 | stagnation=350 | elapsed=2455.5s
23:20:20 [INFO] solver.ga: Gen 2950 | best=751760.19 | stagnation=360 | elapsed=2464.1s
23:20:29 [INFO] solver.ga: Gen 2960 | best=751760.19 | stagnation=370 | elapsed=2472.7s
23:20:38 [INFO] solver.ga: Gen 2970 | best=751760.19 | stagnation=380 | elapsed=2481.3s
23:20:46 [INFO] solver.ga: Gen 2980 | best=751760.19 | stagnation=390 | elapsed=2490.0s
23:20:55 [INFO] solver.ga: Gen 2990 | best=751760.19 | stagnation=400 | elapsed=2498.6s
23:21:03 [INFO] solver.ga: Gen 3000 | best=751760.19 | stagnation=410 | elapsed=2507.2s
23:21:12 [INFO] solver.ga: Gen 3010 | best=751760.19 | stagnation=420 | elapsed=2515.8s
23:21:21 [INFO] solver.ga: Gen 3020 | best=751760.19 | stagnation=430 | elapsed=2524.5s
23:21:30 [INFO] solver.ga: Gen 3030 | best=751760.19 | stagnation=440 | elapsed=2533.9s
23:21:39 [INFO] solver.ga: Gen 3040 | best=751760.19 | stagnation=450 | elapsed=2542.7s
23:21:48 [INFO] solver.ga: Gen 3050 | best=751760.19 | stagnation=460 | elapsed=2551.4s
23:21:56 [INFO] solver.ga: Gen 3060 | best=751760.19 | stagnation=470 | elapsed=2560.1s
23:22:05 [INFO] solver.ga: Gen 3070 | best=751760.19 | stagnation=480 | elapsed=2568.7s
23:22:14 [INFO] solver.ga: Gen 3080 | best=751760.19 | stagnation=490 | elapsed=2577.7s
23:22:23 [INFO] solver.ga: Gen 3090 | best=751760.19 | stagnation=500 | elapsed=2586.4s
23:22:31 [INFO] solver.ga: Gen 3100 | best=751504.59 | stagnation=0 | elapsed=2595.2s
23:22:40 [INFO] solver.ga: Gen 3110 | best=751504.59 | stagnation=10 | elapsed=2603.9s
23:22:49 [INFO] solver.ga: Gen 3120 | best=751504.59 | stagnation=20 | elapsed=2612.6s
23:22:58 [INFO] solver.ga: Gen 3130 | best=751504.59 | stagnation=30 | elapsed=2621.5s
23:23:06 [INFO] solver.ga: Gen 3140 | best=751504.59 | stagnation=40 | elapsed=2630.2s
23:23:15 [INFO] solver.ga: Gen 3150 | best=751504.59 | stagnation=50 | elapsed=2638.9s
23:23:24 [INFO] solver.ga: Gen 3160 | best=751504.59 | stagnation=60 | elapsed=2647.7s
23:23:33 [INFO] solver.ga: Gen 3170 | best=751504.59 | stagnation=70 | elapsed=2656.7s
23:23:42 [INFO] solver.ga: Gen 3180 | best=751504.59 | stagnation=80 | elapsed=2666.2s
23:23:51 [INFO] solver.ga: Gen 3190 | best=751504.59 | stagnation=90 | elapsed=2675.1s
23:24:00 [INFO] solver.ga: Gen 3200 | best=751504.59 | stagnation=100 | elapsed=2683.9s
23:24:09 [INFO] solver.ga: Gen 3210 | best=751421.79 | stagnation=0 | elapsed=2692.8s
23:24:18 [INFO] solver.ga: Gen 3220 | best=751421.79 | stagnation=10 | elapsed=2701.7s
23:24:27 [INFO] solver.ga: Gen 3230 | best=751099.59 | stagnation=0 | elapsed=2710.4s
23:24:35 [INFO] solver.ga: Gen 3240 | best=751099.59 | stagnation=10 | elapsed=2719.2s
23:24:44 [INFO] solver.ga: Gen 3250 | best=751099.59 | stagnation=20 | elapsed=2728.2s
23:24:53 [INFO] solver.ga: Gen 3260 | best=751099.59 | stagnation=30 | elapsed=2737.0s
23:25:02 [INFO] solver.ga: Gen 3270 | best=751099.59 | stagnation=40 | elapsed=2745.9s
23:25:11 [INFO] solver.ga: Gen 3280 | best=751099.59 | stagnation=50 | elapsed=2754.7s
23:25:20 [INFO] solver.ga: Gen 3290 | best=751099.59 | stagnation=60 | elapsed=2763.6s
23:25:29 [INFO] solver.ga: Gen 3300 | best=751099.59 | stagnation=70 | elapsed=2772.5s
23:25:38 [INFO] solver.ga: Gen 3310 | best=751086.39 | stagnation=0 | elapsed=2781.5s
23:25:47 [INFO] solver.ga: Gen 3320 | best=751086.39 | stagnation=10 | elapsed=2790.3s
23:25:55 [INFO] solver.ga: Gen 3330 | best=751086.39 | stagnation=20 | elapsed=2799.2s
23:26:04 [INFO] solver.ga: Gen 3340 | best=751086.39 | stagnation=30 | elapsed=2808.0s
23:26:13 [INFO] solver.ga: Gen 3350 | best=751071.99 | stagnation=0 | elapsed=2816.9s
23:26:22 [INFO] solver.ga: Gen 3360 | best=750556.39 | stagnation=0 | elapsed=2825.6s
23:26:31 [INFO] solver.ga: Gen 3370 | best=750556.39 | stagnation=10 | elapsed=2834.4s
23:26:39 [INFO] solver.ga: Gen 3380 | best=750556.39 | stagnation=20 | elapsed=2843.2s
23:26:48 [INFO] solver.ga: Gen 3390 | best=750556.39 | stagnation=30 | elapsed=2852.1s
23:26:57 [INFO] solver.ga: Gen 3400 | best=750556.39 | stagnation=40 | elapsed=2860.9s
23:27:06 [INFO] solver.ga: Gen 3410 | best=750556.39 | stagnation=50 | elapsed=2869.8s
23:27:15 [INFO] solver.ga: Gen 3420 | best=750556.39 | stagnation=60 | elapsed=2878.7s
23:27:24 [INFO] solver.ga: Gen 3430 | best=750556.39 | stagnation=70 | elapsed=2887.4s
23:27:32 [INFO] solver.ga: Gen 3440 | best=750556.39 | stagnation=80 | elapsed=2896.1s
23:27:41 [INFO] solver.ga: Gen 3450 | best=750556.39 | stagnation=90 | elapsed=2904.8s
23:27:50 [INFO] solver.ga: Gen 3460 | best=750556.39 | stagnation=100 | elapsed=2913.5s
23:27:58 [INFO] solver.ga: Gen 3470 | best=750556.39 | stagnation=110 | elapsed=2922.1s
23:28:07 [INFO] solver.ga: Gen 3480 | best=750556.39 | stagnation=120 | elapsed=2930.8s
23:28:16 [INFO] solver.ga: Gen 3490 | best=750556.39 | stagnation=130 | elapsed=2939.5s
23:28:24 [INFO] solver.ga: Gen 3500 | best=750556.39 | stagnation=140 | elapsed=2948.2s
23:28:33 [INFO] solver.ga: Gen 3510 | best=750556.39 | stagnation=150 | elapsed=2956.9s
23:28:42 [INFO] solver.ga: Gen 3520 | best=750556.39 | stagnation=160 | elapsed=2965.8s
23:28:51 [INFO] solver.ga: Gen 3530 | best=750556.39 | stagnation=170 | elapsed=2974.4s
23:28:59 [INFO] solver.ga: Gen 3540 | best=750556.39 | stagnation=180 | elapsed=2983.1s
23:29:08 [INFO] solver.ga: Gen 3550 | best=750556.39 | stagnation=190 | elapsed=2991.8s
23:29:17 [INFO] solver.ga: Gen 3560 | best=750556.39 | stagnation=200 | elapsed=3000.6s
23:29:26 [INFO] solver.ga: Gen 3570 | best=750556.39 | stagnation=210 | elapsed=3009.3s
23:29:34 [INFO] solver.ga: Gen 3580 | best=750556.39 | stagnation=220 | elapsed=3018.0s
23:29:43 [INFO] solver.ga: Gen 3590 | best=750556.39 | stagnation=230 | elapsed=3026.8s
23:29:52 [INFO] solver.ga: Gen 3600 | best=750556.39 | stagnation=240 | elapsed=3035.5s
23:30:00 [INFO] solver.ga: Gen 3610 | best=750556.39 | stagnation=250 | elapsed=3044.2s
23:30:09 [INFO] solver.ga: Gen 3620 | best=750556.39 | stagnation=260 | elapsed=3053.0s
23:30:18 [INFO] solver.ga: Gen 3630 | best=750556.39 | stagnation=270 | elapsed=3061.7s
23:30:27 [INFO] solver.ga: Gen 3640 | best=750556.39 | stagnation=280 | elapsed=3070.4s
23:30:35 [INFO] solver.ga: Gen 3650 | best=750556.39 | stagnation=290 | elapsed=3079.1s
23:30:44 [INFO] solver.ga: Gen 3660 | best=750556.39 | stagnation=300 | elapsed=3087.8s
23:30:53 [INFO] solver.ga: Gen 3670 | best=750556.39 | stagnation=310 | elapsed=3096.5s
23:31:02 [INFO] solver.ga: Gen 3680 | best=750556.39 | stagnation=320 | elapsed=3105.5s
23:31:10 [INFO] solver.ga: Gen 3690 | best=750556.39 | stagnation=330 | elapsed=3114.2s
23:31:19 [INFO] solver.ga: Gen 3700 | best=750556.39 | stagnation=340 | elapsed=3123.2s
23:31:28 [INFO] solver.ga: Gen 3710 | best=750556.39 | stagnation=350 | elapsed=3132.0s
23:31:37 [INFO] solver.ga: Gen 3720 | best=750556.39 | stagnation=360 | elapsed=3140.7s
23:31:46 [INFO] solver.ga: Gen 3730 | best=750556.39 | stagnation=370 | elapsed=3149.4s
23:31:54 [INFO] solver.ga: Gen 3740 | best=750556.39 | stagnation=380 | elapsed=3158.2s
23:32:03 [INFO] solver.ga: Gen 3750 | best=750467.39 | stagnation=0 | elapsed=3167.0s
23:32:12 [INFO] solver.ga: Gen 3760 | best=750467.39 | stagnation=10 | elapsed=3175.9s
23:32:21 [INFO] solver.ga: Gen 3770 | best=750467.39 | stagnation=20 | elapsed=3184.7s
23:32:30 [INFO] solver.ga: Gen 3780 | best=750467.39 | stagnation=30 | elapsed=3193.5s
23:32:39 [INFO] solver.ga: Gen 3790 | best=750467.39 | stagnation=40 | elapsed=3202.4s
23:32:47 [INFO] solver.ga: Gen 3800 | best=750467.39 | stagnation=50 | elapsed=3211.3s
23:32:57 [INFO] solver.ga: Gen 3810 | best=750467.39 | stagnation=60 | elapsed=3220.5s
23:33:06 [INFO] solver.ga: Gen 3820 | best=750467.39 | stagnation=70 | elapsed=3229.4s
23:33:15 [INFO] solver.ga: Gen 3830 | best=750467.39 | stagnation=80 | elapsed=3238.4s
23:33:23 [INFO] solver.ga: Gen 3840 | best=750467.39 | stagnation=90 | elapsed=3247.2s
23:33:32 [INFO] solver.ga: Gen 3850 | best=750467.39 | stagnation=100 | elapsed=3256.1s
23:33:41 [INFO] solver.ga: Gen 3860 | best=750467.39 | stagnation=110 | elapsed=3264.9s
23:33:50 [INFO] solver.ga: Gen 3870 | best=750467.39 | stagnation=120 | elapsed=3273.8s
23:33:59 [INFO] solver.ga: Gen 3880 | best=750467.39 | stagnation=130 | elapsed=3282.6s
23:34:08 [INFO] solver.ga: Gen 3890 | best=750467.39 | stagnation=140 | elapsed=3291.5s
23:34:17 [INFO] solver.ga: Gen 3900 | best=750467.39 | stagnation=150 | elapsed=3300.3s
23:34:25 [INFO] solver.ga: Gen 3910 | best=750467.39 | stagnation=160 | elapsed=3309.1s
23:34:34 [INFO] solver.ga: Gen 3920 | best=750467.39 | stagnation=170 | elapsed=3318.1s
23:34:43 [INFO] solver.ga: Gen 3930 | best=750467.39 | stagnation=180 | elapsed=3326.9s
23:34:52 [INFO] solver.ga: Gen 3940 | best=750467.39 | stagnation=190 | elapsed=3335.7s
23:35:01 [INFO] solver.ga: Gen 3950 | best=750467.39 | stagnation=200 | elapsed=3344.5s
23:35:10 [INFO] solver.ga: Gen 3960 | best=750467.39 | stagnation=210 | elapsed=3353.3s
23:35:18 [INFO] solver.ga: Gen 3970 | best=750467.39 | stagnation=220 | elapsed=3362.2s
23:35:27 [INFO] solver.ga: Gen 3980 | best=750467.39 | stagnation=230 | elapsed=3371.1s
23:35:36 [INFO] solver.ga: Gen 3990 | best=750467.39 | stagnation=240 | elapsed=3380.2s
23:35:46 [INFO] solver.ga: Gen 4000 | best=750467.39 | stagnation=250 | elapsed=3389.3s
23:35:55 [INFO] solver.ga: Gen 4010 | best=750467.39 | stagnation=260 | elapsed=3398.4s
23:36:04 [INFO] solver.ga: Gen 4020 | best=750467.39 | stagnation=270 | elapsed=3407.5s
23:36:13 [INFO] solver.ga: Gen 4030 | best=750467.39 | stagnation=280 | elapsed=3416.5s
23:36:22 [INFO] solver.ga: Gen 4040 | best=750467.39 | stagnation=290 | elapsed=3425.6s
23:36:31 [INFO] solver.ga: Gen 4050 | best=750467.39 | stagnation=300 | elapsed=3434.5s
23:36:40 [INFO] solver.ga: Gen 4060 | best=750467.39 | stagnation=310 | elapsed=3443.4s
23:36:48 [INFO] solver.ga: Gen 4070 | best=750467.39 | stagnation=320 | elapsed=3452.2s
23:36:57 [INFO] solver.ga: Gen 4080 | best=750467.39 | stagnation=330 | elapsed=3461.1s
23:37:06 [INFO] solver.ga: Gen 4090 | best=750467.39 | stagnation=340 | elapsed=3470.0s
23:37:15 [INFO] solver.ga: Gen 4100 | best=750467.39 | stagnation=350 | elapsed=3478.9s
23:37:24 [INFO] solver.ga: Gen 4110 | best=750467.39 | stagnation=360 | elapsed=3487.7s
23:37:33 [INFO] solver.ga: Gen 4120 | best=750467.39 | stagnation=370 | elapsed=3496.6s
23:37:42 [INFO] solver.ga: Gen 4130 | best=750467.39 | stagnation=380 | elapsed=3505.5s
23:37:51 [INFO] solver.ga: Gen 4140 | best=750467.39 | stagnation=390 | elapsed=3514.4s
23:38:00 [INFO] solver.ga: Gen 4150 | best=750467.39 | stagnation=400 | elapsed=3523.3s
23:38:08 [INFO] solver.ga: Gen 4160 | best=750467.39 | stagnation=410 | elapsed=3532.2s
23:38:17 [INFO] solver.ga: Gen 4170 | best=750467.39 | stagnation=420 | elapsed=3541.0s
23:38:26 [INFO] solver.ga: Gen 4180 | best=750467.39 | stagnation=430 | elapsed=3550.1s
23:38:35 [INFO] solver.ga: Gen 4190 | best=750467.39 | stagnation=440 | elapsed=3559.2s
23:38:44 [INFO] solver.ga: Gen 4200 | best=750467.39 | stagnation=450 | elapsed=3568.0s
23:38:53 [INFO] solver.ga: Gen 4210 | best=750467.39 | stagnation=460 | elapsed=3576.9s
23:39:02 [INFO] solver.ga: Gen 4220 | best=750467.39 | stagnation=470 | elapsed=3585.9s
23:39:11 [INFO] solver.ga: Gen 4230 | best=750467.39 | stagnation=480 | elapsed=3594.8s
23:39:16 [INFO] solver.ga: Wall-clock cap reached at generation 4240
23:39:16 [INFO] solver.ga: GA done | best fitness=750467.39 | generations=4240 | time=3600.1s
23:39:17 [INFO] solver.ga: Baselines vs GA | T=768344.81 | G=855048.30 | C=750467.39 (GA best)
23:39:17 [INFO] solver.__main__: Total solve time: 6907.7 seconds

======================================================================
SOLUTION SUMMARY
======================================================================

Week: 2026-01-17
  Orders total     : 450
  Dedicated orders : 27  (10 trucks active)
  Tendered orders  : 423
  Dedicated cost   : $   47,482.03
  Tender cost      : $  538,241.11
  Week total       : $  585,723.14
  Feasible         : True

Week: 2026-01-24
  Orders total     : 550
  Dedicated orders : 31  (10 trucks active)
  Tendered orders  : 519
  Dedicated cost   : $   48,585.83
  Tender cost      : $  701,881.56
  Week total       : $  750,467.39
  Feasible         : True

----------------------------------------------------------------------
  GRAND TOTAL (all weeks): $1,336,190.53
======================================================================

23:39:17 [INFO] solver.output: Wrote output/solution.json
23:39:17 [INFO] solver.output: Wrote output/solution_summary.csv  (1000 rows)
23:39:17 [INFO] solver.__main__: Done. Total cost: $1336190.53  Solve time: 6907.7s
