16:28:25 [INFO] solver.__main__: Config hash: 200e3d09fe37
16:28:25 [INFO] solver.__main__: Data path: ../../AIMMS_MOPTA_2026/AIMMS-MOPTA Interfor data.xlsx
16:28:25 [INFO] solver.__main__: Run archive: /Users/saberdinpazhouh/Downloads/pycharm_projects/George_mopta_heuristic/src/solver/output/runs/20260422T212825Z_200e3d09
16:28:25 [INFO] solver.data: Loading workbook: ../../AIMMS_MOPTA_2026/AIMMS-MOPTA Interfor data.xlsx
16:28:26 [INFO] solver.data: Loaded 218 locations
16:28:26 [INFO] solver.data: Loaded 20 trucks
16:28:26 [INFO] solver.data: Loaded 1000 orders across due dates: ['2026-01-17', '2026-01-24']
16:28:27 [INFO] solver.data: Loaded 47524 lane pairs
16:28:27 [INFO] solver.data: All order O/D pairs have lane entries.
16:28:27 [INFO] solver.data: Loaded 61 difficult lane records
16:28:27 [INFO] solver.__main__: Data loaded in 1.46s
============================================================
DATA VALIDATION REPORT
============================================================
Locations  : 218
Trucks     : 20
Orders     : 1000
  Week 2026-01-17 : 450 orders
  Week 2026-01-24 : 550 orders
Lane pairs : 47524
Diff. lanes: 61
Lane cost  : min=$97.90  max=$5391.25  mean=$1622.04
Lane miles : min=0.0  max=1914.4  mean=525.5
All truck homes are in Locations table. OK
Cost matrix NaNs: 0 / 47524
============================================================
16:28:27 [INFO] solver.ga: ============================================================
16:28:27 [INFO] solver.ga: Solving week: 2026-01-17  (450 orders)
16:28:27 [INFO] solver.ga: ============================================================
16:28:27 [INFO] solver.ga: Baselines | T (all-tender)=603464.74 | G (greedy-difficult)=670309.77
16:28:27 [INFO] solver.ga: GA start | orders=450 trucks=20 pop=60 gens=300 education=off | eval_workers=1 edu_workers=1 | init best=603464.74
16:28:27 [INFO] solver.ga: Gen  10 | best=601990.89 | stagnation=0 | elapsed=0.5s
16:28:28 [INFO] solver.ga: Gen  20 | best=600760.29 | stagnation=0 | elapsed=0.8s
16:28:28 [INFO] solver.ga: Gen  30 | best=600760.29 | stagnation=10 | elapsed=1.2s
16:28:28 [INFO] solver.ga: Gen  40 | best=600428.89 | stagnation=0 | elapsed=1.5s
16:28:29 [INFO] solver.ga: Gen  50 | best=599334.57 | stagnation=0 | elapsed=1.8s
16:28:29 [INFO] solver.ga: Gen  60 | best=598933.37 | stagnation=0 | elapsed=2.1s
16:28:29 [INFO] solver.ga: Gen  70 | best=598933.37 | stagnation=10 | elapsed=2.4s
16:28:30 [INFO] solver.ga: Gen  80 | best=597262.64 | stagnation=0 | elapsed=2.7s
16:28:30 [INFO] solver.ga: Gen  90 | best=597262.64 | stagnation=10 | elapsed=3.0s
16:28:30 [INFO] solver.ga: Gen 100 | best=597134.54 | stagnation=0 | elapsed=3.3s
16:28:30 [INFO] solver.ga: Gen 110 | best=597134.54 | stagnation=10 | elapsed=3.6s
16:28:31 [INFO] solver.ga: Gen 120 | best=596846.67 | stagnation=0 | elapsed=3.9s
16:28:31 [INFO] solver.ga: Gen 130 | best=596412.87 | stagnation=0 | elapsed=4.2s
16:28:31 [INFO] solver.ga: Gen 140 | best=596412.87 | stagnation=10 | elapsed=4.5s
16:28:32 [INFO] solver.ga: Gen 150 | best=596412.87 | stagnation=20 | elapsed=4.8s
16:28:32 [INFO] solver.ga: Gen 160 | best=596412.87 | stagnation=30 | elapsed=5.1s
16:28:32 [INFO] solver.ga: Gen 170 | best=596412.87 | stagnation=40 | elapsed=5.4s
16:28:33 [INFO] solver.ga: Gen 180 | best=596412.87 | stagnation=50 | elapsed=5.7s
16:28:33 [INFO] solver.ga: Stagnation limit reached at generation 180
16:28:33 [INFO] solver.ga: GA done | best fitness=596412.87 | generations=181 | time=5.7s
16:28:33 [INFO] solver.ga: Baselines vs GA | T=603464.74 | G=670309.77 | C=596412.87 (GA best)
16:28:33 [INFO] solver.ga: ============================================================
16:28:33 [INFO] solver.ga: Solving week: 2026-01-24  (550 orders)
16:28:33 [INFO] solver.ga: ============================================================
16:28:33 [INFO] solver.ga: Baselines | T (all-tender)=768344.81 | G (greedy-difficult)=855048.30
16:28:33 [INFO] solver.ga: GA start | orders=550 trucks=20 pop=60 gens=300 education=off | eval_workers=1 edu_workers=1 | init best=768344.81
16:28:33 [INFO] solver.ga: Gen  10 | best=766364.21 | stagnation=0 | elapsed=0.5s
16:28:33 [INFO] solver.ga: Gen  20 | best=765054.06 | stagnation=0 | elapsed=0.9s
16:28:34 [INFO] solver.ga: Gen  30 | best=765054.06 | stagnation=10 | elapsed=1.2s
16:28:34 [INFO] solver.ga: Gen  40 | best=763554.49 | stagnation=0 | elapsed=1.6s
16:28:35 [INFO] solver.ga: Gen  50 | best=763554.49 | stagnation=10 | elapsed=1.9s
16:28:35 [INFO] solver.ga: Gen  60 | best=763298.89 | stagnation=0 | elapsed=2.2s
16:28:35 [INFO] solver.ga: Gen  70 | best=761825.84 | stagnation=0 | elapsed=2.6s
16:28:36 [INFO] solver.ga: Gen  80 | best=761825.84 | stagnation=10 | elapsed=2.9s
16:28:36 [INFO] solver.ga: Gen  90 | best=761825.84 | stagnation=20 | elapsed=3.3s
16:28:36 [INFO] solver.ga: Gen 100 | best=761825.84 | stagnation=30 | elapsed=3.6s
16:28:37 [INFO] solver.ga: Gen 110 | best=761825.84 | stagnation=40 | elapsed=4.0s
16:28:37 [INFO] solver.ga: Gen 120 | best=761825.84 | stagnation=50 | elapsed=4.3s
16:28:37 [INFO] solver.ga: Stagnation limit reached at generation 120
16:28:37 [INFO] solver.ga: GA done | best fitness=761825.84 | generations=121 | time=4.3s
16:28:37 [INFO] solver.ga: Baselines vs GA | T=768344.81 | G=855048.30 | C=761825.84 (GA best)
16:28:37 [INFO] solver.__main__: Total solve time: 10.2 seconds

======================================================================
SOLUTION SUMMARY
======================================================================

Week: 2026-01-17
  Orders total     : 450
  Dedicated orders : 10  (4 trucks active)
  Tendered orders  : 440
  Dedicated cost   : $   18,859.95
  Tender cost      : $  577,552.92
  Week total       : $  596,412.87
  Feasible         : True

Week: 2026-01-24
  Orders total     : 550
  Dedicated orders : 11  (5 trucks active)
  Tendered orders  : 539
  Dedicated cost   : $   22,664.38
  Tender cost      : $  739,161.46
  Week total       : $  761,825.84
  Feasible         : True

----------------------------------------------------------------------
  GRAND TOTAL (all weeks): $1,358,238.71
======================================================================

16:28:37 [INFO] solver.output: Wrote output/solution.json
16:28:37 [INFO] solver.output: Wrote output/solution_summary.csv  (1000 rows)
16:28:37 [INFO] solver.__main__: Done. Total cost: $1358238.71  Solve time: 10.2s
