09:36:23 [INFO] solver.__main__: Config hash: c9a7e463fef5
09:36:23 [INFO] solver.__main__: Data path: AIMMS_MOPTA_2026\AIMMS-MOPTA Interfor data.xlsx
09:36:23 [INFO] solver.__main__: Run archive: C:\Users\gchum\Projects\Research\mopta-2026-interfor-truck-routing\output\runs\20260418T143623Z_c9a7e463
09:36:23 [INFO] solver.data: Loading workbook: AIMMS_MOPTA_2026\AIMMS-MOPTA Interfor data.xlsx
09:36:24 [INFO] solver.data: Loaded 218 locations
09:36:24 [INFO] solver.data: Loaded 20 trucks
09:36:24 [INFO] solver.data: Loaded 1000 orders across due dates: ['2026-01-17', '2026-01-24']
09:36:25 [INFO] solver.data: Loaded 47524 lane pairs
09:36:25 [INFO] solver.data: All order O/D pairs have lane entries.
09:36:25 [INFO] solver.data: Loaded 61 difficult lane records
09:36:25 [INFO] solver.__main__: Data loaded in 1.75s
============================================================
DATA VALIDATION REPORT
============================================================
Locations  : 218
Trucks     : 20
Orders     : 1000
  Week 2026-01-17 : 450 orders
  Week 2026-01-24 : 550 orders
Lane pairs : 47524
Diff. lanes: 61
Lane cost  : min=$97.90  max=$5391.25  mean=$1622.04
Lane miles : min=0.0  max=1914.4  mean=525.5
All truck homes are in Locations table. OK
Cost matrix NaNs: 0 / 47524
============================================================
09:36:25 [INFO] solver.ga: ============================================================
09:36:25 [INFO] solver.ga: Solving week: 2026-01-17  (450 orders)
09:36:25 [INFO] solver.ga: ============================================================
09:36:25 [INFO] solver.ga: Baselines | T (all-tender)=603464.74 | G (greedy-difficult)=670309.77
09:36:34 [INFO] solver.ga: GA start | orders=450 trucks=20 pop=1000 gens=300 education=on | eval_workers=12 edu_workers=12 | init best=603464.74
09:36:55 [INFO] solver.ga: Gen  10 | best=599930.09 | stagnation=0 | elapsed=21.1s
09:37:02 [INFO] solver.ga: Gen  20 | best=599930.09 | stagnation=10 | elapsed=28.4s
09:37:09 [INFO] solver.ga: Gen  30 | best=599926.34 | stagnation=0 | elapsed=35.5s
09:37:16 [INFO] solver.ga: Gen  40 | best=598730.99 | stagnation=0 | elapsed=42.4s
09:37:23 [INFO] solver.ga: Gen  50 | best=598456.42 | stagnation=0 | elapsed=49.2s
09:37:30 [INFO] solver.ga: Gen  60 | best=598350.97 | stagnation=0 | elapsed=56.2s
09:37:37 [INFO] solver.ga: Gen  70 | best=598200.82 | stagnation=0 | elapsed=63.4s
09:37:44 [INFO] solver.ga: Gen  80 | best=596924.29 | stagnation=0 | elapsed=70.3s
09:37:51 [INFO] solver.ga: Gen  90 | best=596635.89 | stagnation=0 | elapsed=77.5s
09:37:58 [INFO] solver.ga: Gen 100 | best=595312.37 | stagnation=0 | elapsed=84.3s
09:38:05 [INFO] solver.ga: Gen 110 | best=595312.37 | stagnation=10 | elapsed=91.2s
09:38:13 [INFO] solver.ga: Gen 120 | best=595312.37 | stagnation=20 | elapsed=98.8s
09:38:21 [INFO] solver.ga: Gen 130 | best=594965.17 | stagnation=0 | elapsed=106.9s
09:38:29 [INFO] solver.ga: Gen 140 | best=594965.17 | stagnation=10 | elapsed=114.8s
09:38:37 [INFO] solver.ga: Gen 150 | best=593886.64 | stagnation=0 | elapsed=122.7s
09:38:44 [INFO] solver.ga: Gen 160 | best=593719.27 | stagnation=0 | elapsed=130.2s
09:38:52 [INFO] solver.ga: Gen 170 | best=593491.84 | stagnation=0 | elapsed=138.0s
09:39:00 [INFO] solver.ga: Gen 180 | best=593491.84 | stagnation=10 | elapsed=145.7s
09:39:08 [INFO] solver.ga: Gen 190 | best=593155.32 | stagnation=0 | elapsed=154.3s
09:39:17 [INFO] solver.ga: Gen 200 | best=593155.32 | stagnation=10 | elapsed=162.7s
09:39:25 [INFO] solver.ga: Gen 210 | best=593155.32 | stagnation=20 | elapsed=170.7s
09:39:33 [INFO] solver.ga: Gen 220 | best=593155.32 | stagnation=30 | elapsed=179.2s
09:39:41 [INFO] solver.ga: Gen 230 | best=593155.32 | stagnation=40 | elapsed=187.1s
09:39:49 [INFO] solver.ga: Gen 240 | best=593155.32 | stagnation=50 | elapsed=195.1s
09:39:49 [INFO] solver.ga: Stagnation limit reached at generation 240
09:39:49 [INFO] solver.ga: GA done | best fitness=593155.32 | generations=241 | time=195.1s
09:39:50 [INFO] solver.ga: Baselines vs GA | T=603464.74 | G=670309.77 | C=593155.32 (GA best)
09:39:50 [INFO] solver.ga: ============================================================
09:39:50 [INFO] solver.ga: Solving week: 2026-01-24  (550 orders)
09:39:50 [INFO] solver.ga: ============================================================
09:39:50 [INFO] solver.ga: Baselines | T (all-tender)=768344.81 | G (greedy-difficult)=855048.30
09:39:59 [INFO] solver.ga: GA start | orders=550 trucks=20 pop=1000 gens=300 education=on | eval_workers=12 edu_workers=12 | init best=768344.81
09:40:25 [INFO] solver.ga: Gen  10 | best=764905.94 | stagnation=0 | elapsed=25.5s
09:40:34 [INFO] solver.ga: Gen  20 | best=764836.74 | stagnation=0 | elapsed=34.4s
09:40:43 [INFO] solver.ga: Gen  30 | best=763341.41 | stagnation=0 | elapsed=43.1s
09:40:51 [INFO] solver.ga: Gen  40 | best=763309.04 | stagnation=0 | elapsed=51.7s
09:41:00 [INFO] solver.ga: Gen  50 | best=763162.56 | stagnation=0 | elapsed=60.7s
09:41:09 [INFO] solver.ga: Gen  60 | best=761941.94 | stagnation=0 | elapsed=69.4s
09:41:17 [INFO] solver.ga: Gen  70 | best=761532.64 | stagnation=0 | elapsed=77.9s
09:41:26 [INFO] solver.ga: Gen  80 | best=761532.64 | stagnation=10 | elapsed=86.8s
09:41:35 [INFO] solver.ga: Gen  90 | best=760211.49 | stagnation=0 | elapsed=95.4s
09:41:43 [INFO] solver.ga: Gen 100 | best=760211.49 | stagnation=10 | elapsed=103.9s
09:41:52 [INFO] solver.ga: Gen 110 | best=760204.21 | stagnation=0 | elapsed=112.8s
09:42:01 [INFO] solver.ga: Gen 120 | best=760111.04 | stagnation=0 | elapsed=121.5s
09:42:10 [INFO] solver.ga: Gen 130 | best=759846.64 | stagnation=0 | elapsed=130.5s
09:42:19 [INFO] solver.ga: Gen 140 | best=758655.56 | stagnation=0 | elapsed=139.3s
09:42:28 [INFO] solver.ga: Gen 150 | best=758655.56 | stagnation=10 | elapsed=148.4s
09:42:36 [INFO] solver.ga: Gen 160 | best=758655.56 | stagnation=20 | elapsed=157.0s
09:42:45 [INFO] solver.ga: Gen 170 | best=758655.56 | stagnation=30 | elapsed=165.7s
09:42:54 [INFO] solver.ga: Gen 180 | best=758360.16 | stagnation=0 | elapsed=174.5s
09:43:03 [INFO] solver.ga: Gen 190 | best=758360.16 | stagnation=10 | elapsed=183.7s
09:43:12 [INFO] solver.ga: Gen 200 | best=758360.16 | stagnation=20 | elapsed=192.9s
09:43:21 [INFO] solver.ga: Gen 210 | best=758053.04 | stagnation=0 | elapsed=201.7s
09:43:30 [INFO] solver.ga: Gen 220 | best=757159.36 | stagnation=0 | elapsed=210.8s
09:43:39 [INFO] solver.ga: Gen 230 | best=757159.36 | stagnation=10 | elapsed=219.3s
09:43:48 [INFO] solver.ga: Gen 240 | best=757159.36 | stagnation=20 | elapsed=228.1s
09:43:56 [INFO] solver.ga: Gen 250 | best=757135.69 | stagnation=0 | elapsed=237.0s
09:44:05 [INFO] solver.ga: Gen 260 | best=757135.69 | stagnation=10 | elapsed=245.8s
09:44:14 [INFO] solver.ga: Gen 270 | best=756941.49 | stagnation=0 | elapsed=254.3s
09:44:22 [INFO] solver.ga: Gen 280 | best=756825.49 | stagnation=0 | elapsed=262.9s
09:44:31 [INFO] solver.ga: Gen 290 | best=756575.34 | stagnation=0 | elapsed=271.8s
09:44:41 [INFO] solver.ga: Gen 300 | best=756575.34 | stagnation=10 | elapsed=281.1s
09:44:41 [INFO] solver.ga: GA done | best fitness=756575.34 | generations=301 | time=281.1s
09:44:41 [INFO] solver.ga: Baselines vs GA | T=768344.81 | G=855048.30 | C=756575.34 (GA best)
09:44:41 [INFO] solver.__main__: Total solve time: 496.1 seconds

======================================================================
SOLUTION SUMMARY
======================================================================

Week: 2026-01-17
  Orders total     : 450
  Dedicated orders : 14  (6 trucks active)
  Tendered orders  : 436
  Dedicated cost   : $   30,126.93
  Tender cost      : $  563,028.39
  Week total       : $  593,155.32
  Feasible         : True

Week: 2026-01-24
  Orders total     : 550
  Dedicated orders : 15  (7 trucks active)
  Tendered orders  : 535
  Dedicated cost   : $   31,834.87
  Tender cost      : $  724,740.47
  Week total       : $  756,575.34
  Feasible         : True

----------------------------------------------------------------------
  GRAND TOTAL (all weeks): $1,349,730.66
======================================================================

09:44:41 [INFO] solver.output: Wrote output\solution.json
09:44:41 [INFO] solver.output: Wrote output\solution_summary.csv  (1000 rows)
09:44:41 [INFO] solver.__main__: Done. Total cost: $1349730.66  Solve time: 496.1s
