16:50:58 [INFO] solver.__main__: Config hash: 25df7cca4984
16:50:58 [INFO] solver.__main__: Data path: AIMMS_MOPTA_2026/AIMMS-MOPTA Interfor data.xlsx
16:50:58 [INFO] solver.__main__: Run archive: /Users/saberdinpazhouh/Downloads/pycharm_projects/George_mopta_heuristic/output/runs/20260422T215058Z_25df7cca
16:50:58 [INFO] solver.data: Loading workbook: AIMMS_MOPTA_2026/AIMMS-MOPTA Interfor data.xlsx
16:50:59 [INFO] solver.data: Loaded 218 locations
16:50:59 [INFO] solver.data: Loaded 20 trucks
16:50:59 [INFO] solver.data: Loaded 1000 orders across due dates: ['2026-01-17', '2026-01-24']
16:50:59 [INFO] solver.data: Loaded 47524 lane pairs
16:50:59 [INFO] solver.data: All order O/D pairs have lane entries.
16:50:59 [INFO] solver.data: Loaded 61 difficult lane records
16:50:59 [INFO] solver.__main__: Data loaded in 1.51s
============================================================
DATA VALIDATION REPORT
============================================================
Locations  : 218
Trucks     : 20
Orders     : 1000
  Week 2026-01-17 : 450 orders
  Week 2026-01-24 : 550 orders
Lane pairs : 47524
Diff. lanes: 61
Lane cost  : min=$97.90  max=$5391.25  mean=$1622.04
Lane miles : min=0.0  max=1914.4  mean=525.5
All truck homes are in Locations table. OK
Cost matrix NaNs: 0 / 47524
============================================================
16:50:59 [INFO] solver.ga: ============================================================
16:50:59 [INFO] solver.ga: Solving week: 2026-01-17  (450 orders)
16:50:59 [INFO] solver.ga: ============================================================
16:50:59 [INFO] solver.ga: Baselines | T (all-tender)=603464.74 | G (greedy-difficult)=670309.77
16:51:03 [INFO] solver.ga: GA start | orders=450 trucks=20 pop=1000 gens=500 education=on | eval_workers=10 edu_workers=10 | init best=603464.74
16:51:17 [INFO] solver.ga: Gen  10 | best=599930.09 | stagnation=0 | elapsed=13.4s
16:51:21 [INFO] solver.ga: Gen  20 | best=599930.09 | stagnation=10 | elapsed=17.9s
16:51:26 [INFO] solver.ga: Gen  30 | best=599930.09 | stagnation=20 | elapsed=22.7s
16:51:31 [INFO] solver.ga: Gen  40 | best=598951.69 | stagnation=0 | elapsed=27.5s
16:51:35 [INFO] solver.ga: Gen  50 | best=598637.82 | stagnation=0 | elapsed=32.1s
16:51:40 [INFO] solver.ga: Gen  60 | best=598273.37 | stagnation=0 | elapsed=36.7s
16:51:45 [INFO] solver.ga: Gen  70 | best=595600.24 | stagnation=0 | elapsed=41.4s
16:51:49 [INFO] solver.ga: Gen  80 | best=595600.24 | stagnation=10 | elapsed=46.0s
16:51:54 [INFO] solver.ga: Gen  90 | best=595600.24 | stagnation=20 | elapsed=50.7s
16:51:59 [INFO] solver.ga: Gen 100 | best=595597.44 | stagnation=0 | elapsed=55.4s
16:52:03 [INFO] solver.ga: Gen 110 | best=595312.37 | stagnation=0 | elapsed=60.1s
16:52:08 [INFO] solver.ga: Gen 120 | best=595272.47 | stagnation=0 | elapsed=64.8s
16:52:13 [INFO] solver.ga: Gen 130 | best=595163.97 | stagnation=0 | elapsed=69.9s
16:52:18 [INFO] solver.ga: Gen 140 | best=595163.64 | stagnation=0 | elapsed=74.7s
16:52:23 [INFO] solver.ga: Gen 150 | best=594838.67 | stagnation=0 | elapsed=79.5s
16:52:27 [INFO] solver.ga: Gen 160 | best=593676.29 | stagnation=0 | elapsed=84.3s
16:52:32 [INFO] solver.ga: Gen 170 | best=593676.29 | stagnation=10 | elapsed=89.1s
16:52:37 [INFO] solver.ga: Gen 180 | best=593676.29 | stagnation=20 | elapsed=94.0s
16:52:42 [INFO] solver.ga: Gen 190 | best=593676.29 | stagnation=30 | elapsed=98.8s
16:52:47 [INFO] solver.ga: Gen 200 | best=593676.29 | stagnation=40 | elapsed=103.7s
16:52:52 [INFO] solver.ga: Gen 210 | best=593324.74 | stagnation=0 | elapsed=108.5s
16:52:56 [INFO] solver.ga: Gen 220 | best=593114.39 | stagnation=0 | elapsed=113.3s
16:53:02 [INFO] solver.ga: Gen 230 | best=593114.39 | stagnation=10 | elapsed=118.3s
16:53:07 [INFO] solver.ga: Gen 240 | best=593114.39 | stagnation=20 | elapsed=123.4s
16:53:12 [INFO] solver.ga: Gen 250 | best=593114.39 | stagnation=30 | elapsed=128.4s
16:53:16 [INFO] solver.ga: Gen 260 | best=593114.39 | stagnation=40 | elapsed=133.3s
16:53:21 [INFO] solver.ga: Gen 270 | best=593114.39 | stagnation=50 | elapsed=138.2s
16:53:21 [INFO] solver.ga: Stagnation limit reached at generation 270
16:53:21 [INFO] solver.ga: GA done | best fitness=593114.39 | generations=271 | time=138.2s
16:53:22 [INFO] solver.ga: Baselines vs GA | T=603464.74 | G=670309.77 | C=593114.39 (GA best)
16:53:22 [INFO] solver.ga: ============================================================
16:53:22 [INFO] solver.ga: Solving week: 2026-01-24  (550 orders)
16:53:22 [INFO] solver.ga: ============================================================
16:53:22 [INFO] solver.ga: Baselines | T (all-tender)=768344.81 | G (greedy-difficult)=855048.30
16:53:25 [INFO] solver.ga: GA start | orders=550 trucks=20 pop=1000 gens=500 education=on | eval_workers=10 edu_workers=10 | init best=768344.81
