21:33:57 [INFO] solver.__main__: Config hash: 25df7cca4984
21:33:57 [INFO] solver.__main__: Data path: AIMMS_MOPTA_2026/AIMMS-MOPTA Interfor data.xlsx
21:33:57 [INFO] solver.__main__: Run archive: /Users/saberdinpazhouh/Downloads/pycharm_projects/George_mopta_heuristic/output/runs/20260423T023357Z_25df7cca
21:33:57 [INFO] solver.data: Loading workbook: AIMMS_MOPTA_2026/AIMMS-MOPTA Interfor data.xlsx
21:33:58 [INFO] solver.data: Loaded 218 locations
21:33:58 [INFO] solver.data: Loaded 20 trucks
21:33:58 [INFO] solver.data: Loaded 1000 orders across due dates: ['2026-01-17', '2026-01-24']
21:33:59 [INFO] solver.data: Loaded 47524 lane pairs
21:33:59 [INFO] solver.data: All order O/D pairs have lane entries.
21:33:59 [INFO] solver.data: Loaded 61 difficult lane records
21:33:59 [INFO] solver.__main__: Data loaded in 2.13s
============================================================
DATA VALIDATION REPORT
============================================================
Locations  : 218
Trucks     : 20
Orders     : 1000
  Week 2026-01-17 : 450 orders
  Week 2026-01-24 : 550 orders
Lane pairs : 47524
Diff. lanes: 61
Lane cost  : min=$97.90  max=$5391.25  mean=$1622.04
Lane miles : min=0.0  max=1914.4  mean=525.5
All truck homes are in Locations table. OK
Cost matrix NaNs: 0 / 47524
============================================================
21:33:59 [INFO] solver.ga: ============================================================
21:33:59 [INFO] solver.ga: Solving week: 2026-01-17  (450 orders)
21:33:59 [INFO] solver.ga: ============================================================
21:33:59 [INFO] solver.ga: Baselines | T (all-tender)=603464.74 | G (greedy-difficult)=670309.77
