15:56:20 [INFO] solver.__main__: Config hash: 200e3d09fe37
15:56:20 [INFO] solver.__main__: Data path: ../../AIMMS_MOPTA_2026/AIMMS-MOPTA Interfor data.xlsx
15:56:20 [INFO] solver.__main__: Run archive: /Users/saberdinpazhouh/Downloads/pycharm_projects/George_mopta_heuristic/src/solver/output/runs/20260422T205620Z_200e3d09
15:56:20 [INFO] solver.data: Loading workbook: ../../AIMMS_MOPTA_2026/AIMMS-MOPTA Interfor data.xlsx
15:56:21 [INFO] solver.data: Loaded 218 locations
15:56:21 [INFO] solver.data: Loaded 20 trucks
15:56:21 [INFO] solver.data: Loaded 1000 orders across due dates: ['2026-01-17', '2026-01-24']
15:56:22 [INFO] solver.data: Loaded 47524 lane pairs
15:56:22 [INFO] solver.data: All order O/D pairs have lane entries.
15:56:22 [INFO] solver.data: Loaded 61 difficult lane records
15:56:22 [INFO] solver.__main__: Data loaded in 1.52s
============================================================
DATA VALIDATION REPORT
============================================================
Locations  : 218
Trucks     : 20
Orders     : 1000
  Week 2026-01-17 : 450 orders
  Week 2026-01-24 : 550 orders
Lane pairs : 47524
Diff. lanes: 61
Lane cost  : min=$97.90  max=$5391.25  mean=$1622.04
Lane miles : min=0.0  max=1914.4  mean=525.5
All truck homes are in Locations table. OK
Cost matrix NaNs: 0 / 47524
============================================================
15:56:22 [INFO] solver.ga: ============================================================
15:56:22 [INFO] solver.ga: Solving week: 2026-01-17  (450 orders)
15:56:22 [INFO] solver.ga: ============================================================
15:56:22 [INFO] solver.ga: Baselines | T (all-tender)=603464.74 | G (greedy-difficult)=670309.77
15:56:22 [INFO] solver.ga: GA start | orders=450 trucks=20 pop=60 gens=300 education=off | eval_workers=1 edu_workers=1 | init best=603464.74
15:56:22 [INFO] solver.ga: Gen  10 | best=601990.89 | stagnation=0 | elapsed=0.6s
15:56:23 [INFO] solver.ga: Gen  20 | best=600760.29 | stagnation=0 | elapsed=0.9s
15:56:23 [INFO] solver.ga: Gen  30 | best=600760.29 | stagnation=10 | elapsed=1.3s
15:56:23 [INFO] solver.ga: Gen  40 | best=600428.89 | stagnation=0 | elapsed=1.6s
15:56:24 [INFO] solver.ga: Gen  50 | best=599334.57 | stagnation=0 | elapsed=2.0s
15:56:24 [INFO] solver.ga: Gen  60 | best=598933.37 | stagnation=0 | elapsed=2.3s
15:56:24 [INFO] solver.ga: Gen  70 | best=598933.37 | stagnation=10 | elapsed=2.6s
15:56:25 [INFO] solver.ga: Gen  80 | best=597262.64 | stagnation=0 | elapsed=2.9s
15:56:25 [INFO] solver.ga: Gen  90 | best=597262.64 | stagnation=10 | elapsed=3.3s
15:56:25 [INFO] solver.ga: Gen 100 | best=597134.54 | stagnation=0 | elapsed=3.6s
15:56:26 [INFO] solver.ga: Gen 110 | best=597134.54 | stagnation=10 | elapsed=3.9s
15:56:26 [INFO] solver.ga: Gen 120 | best=596846.67 | stagnation=0 | elapsed=4.2s
15:56:26 [INFO] solver.ga: Gen 130 | best=596412.87 | stagnation=0 | elapsed=4.6s
15:56:27 [INFO] solver.ga: Gen 140 | best=596412.87 | stagnation=10 | elapsed=4.9s
15:56:27 [INFO] solver.ga: Gen 150 | best=596412.87 | stagnation=20 | elapsed=5.2s
15:56:27 [INFO] solver.ga: Gen 160 | best=596412.87 | stagnation=30 | elapsed=5.5s
15:56:27 [INFO] solver.ga: Gen 170 | best=596412.87 | stagnation=40 | elapsed=5.8s
15:56:28 [INFO] solver.ga: Gen 180 | best=596412.87 | stagnation=50 | elapsed=6.2s
15:56:28 [INFO] solver.ga: Stagnation limit reached at generation 180
15:56:28 [INFO] solver.ga: GA done | best fitness=596412.87 | generations=181 | time=6.2s
15:56:28 [INFO] solver.ga: Baselines vs GA | T=603464.74 | G=670309.77 | C=596412.87 (GA best)
15:56:28 [INFO] solver.ga: ============================================================
15:56:28 [INFO] solver.ga: Solving week: 2026-01-24  (550 orders)
15:56:28 [INFO] solver.ga: ============================================================
15:56:28 [INFO] solver.ga: Baselines | T (all-tender)=768344.81 | G (greedy-difficult)=855048.30
15:56:28 [INFO] solver.ga: GA start | orders=550 trucks=20 pop=60 gens=300 education=off | eval_workers=1 edu_workers=1 | init best=768344.81
15:56:29 [INFO] solver.ga: Gen  10 | best=766364.21 | stagnation=0 | elapsed=0.6s
15:56:29 [INFO] solver.ga: Gen  20 | best=765054.06 | stagnation=0 | elapsed=0.9s
15:56:29 [INFO] solver.ga: Gen  30 | best=765054.06 | stagnation=10 | elapsed=1.4s
15:56:30 [INFO] solver.ga: Gen  40 | best=763554.49 | stagnation=0 | elapsed=1.7s
15:56:30 [INFO] solver.ga: Gen  50 | best=763554.49 | stagnation=10 | elapsed=2.1s
15:56:30 [INFO] solver.ga: Gen  60 | best=763298.89 | stagnation=0 | elapsed=2.5s
15:56:31 [INFO] solver.ga: Gen  70 | best=761825.84 | stagnation=0 | elapsed=2.8s
15:56:31 [INFO] solver.ga: Gen  80 | best=761825.84 | stagnation=10 | elapsed=3.2s
15:56:32 [INFO] solver.ga: Gen  90 | best=761825.84 | stagnation=20 | elapsed=3.6s
15:56:32 [INFO] solver.ga: Gen 100 | best=761825.84 | stagnation=30 | elapsed=4.0s
15:56:32 [INFO] solver.ga: Gen 110 | best=761825.84 | stagnation=40 | elapsed=4.4s
15:56:33 [INFO] solver.ga: Gen 120 | best=761825.84 | stagnation=50 | elapsed=4.7s
15:56:33 [INFO] solver.ga: Stagnation limit reached at generation 120
15:56:33 [INFO] solver.ga: GA done | best fitness=761825.84 | generations=121 | time=4.7s
15:56:33 [INFO] solver.ga: Baselines vs GA | T=768344.81 | G=855048.30 | C=761825.84 (GA best)
15:56:33 [INFO] solver.__main__: Total solve time: 11.1 seconds

======================================================================
SOLUTION SUMMARY
======================================================================

Week: 2026-01-17
  Orders total     : 450
  Dedicated orders : 10  (4 trucks active)
  Tendered orders  : 440
  Dedicated cost   : $   18,859.95
  Tender cost      : $  577,552.92
  Week total       : $  596,412.87
  Feasible         : True

Week: 2026-01-24
  Orders total     : 550
  Dedicated orders : 11  (5 trucks active)
  Tendered orders  : 539
  Dedicated cost   : $   22,664.38
  Tender cost      : $  739,161.46
  Week total       : $  761,825.84
  Feasible         : True

----------------------------------------------------------------------
  GRAND TOTAL (all weeks): $1,358,238.71
======================================================================

15:56:33 [INFO] solver.output: Wrote output/solution.json
15:56:33 [INFO] solver.output: Wrote output/solution_summary.csv  (1000 rows)
15:56:33 [INFO] solver.__main__: Done. Total cost: $1358238.71  Solve time: 11.1s
